<?xml version="1.0" encoding="utf-8"?>
<CoverageSession>
  <Summary numSequencePoints="1585" visitedSequencePoints="1314" numBranchPoints="300" visitedBranchPoints="236" sequenceCoverage="82.9" branchCoverage="78.66" maxCyclomaticComplexity="451" minCyclomaticComplexity="87" visitedClasses="96" numClasses="118" visitedMethods="298" numMethods="376" />
  <Modules>
    <Module hash="FAC85EDA-C372-4FCD-9616-5F4B8AF1CC8A">
      <ModulePath>Index5.Application.dll</ModulePath>
      <ModuleTime>2026-02-28T11:03:27</ModuleTime>
      <ModuleName>Index5.Application</ModuleName>
      <Files>
        <File uid="1" fullPath="C:\Users\jcalbuquerque\Desktop\it-test\index5\Index5\Index5.Application\Services\AuthService.cs" />
        <File uid="2" fullPath="C:\Users\jcalbuquerque\Desktop\it-test\index5\Index5\Index5.Application\Services\BasketService.cs" />
        <File uid="3" fullPath="C:\Users\jcalbuquerque\Desktop\it-test\index5\Index5\Index5.Application\Services\ClientService.cs" />
        <File uid="4" fullPath="C:\Users\jcalbuquerque\Desktop\it-test\index5\Index5\Index5.Application\Services\PurchaseEngineService.cs" />
        <File uid="5" fullPath="C:\Users\jcalbuquerque\Desktop\it-test\index5\Index5\Index5.Application\Services\RebalancingService.cs" />
        <File uid="6" fullPath="C:\Users\jcalbuquerque\Desktop\it-test\index5\Index5\Index5.Application\DTOs\ApiResponse.cs" />
        <File uid="7" fullPath="C:\Users\jcalbuquerque\Desktop\it-test\index5\Index5\Index5.Application\DTOs\AuthDtos.cs" />
        <File uid="8" fullPath="C:\Users\jcalbuquerque\Desktop\it-test\index5\Index5\Index5.Application\DTOs\BasketDtos.cs" />
        <File uid="9" fullPath="C:\Users\jcalbuquerque\Desktop\it-test\index5\Index5\Index5.Application\DTOs\ClientDtos.cs" />
        <File uid="10" fullPath="C:\Users\jcalbuquerque\Desktop\it-test\index5\Index5\Index5.Application\DTOs\EngineDtos.cs" />
        <File uid="11" fullPath="C:\Users\jcalbuquerque\Desktop\it-test\index5\Index5\Index5.Application\DTOs\PortfolioDtos.cs" />
      </Files>
      <Classes>
        <Class>
          <Summary numSequencePoints="38" visitedSequencePoints="38" numBranchPoints="4" visitedBranchPoints="3" sequenceCoverage="100" branchCoverage="75" maxCyclomaticComplexity="4" minCyclomaticComplexity="1" visitedClasses="1" numClasses="1" visitedMethods="2" numMethods="2" />
          <FullName>Index5.Application.Services.AuthService</FullName>
          <Methods>
            <Method cyclomaticComplexity="4" nPathComplexity="4" sequenceCoverage="100" branchCoverage="75" isConstructor="False" isGetter="False" isSetter="False" isStatic="True">
              <Summary numSequencePoints="29" visitedSequencePoints="29" numBranchPoints="4" visitedBranchPoints="3" sequenceCoverage="100" branchCoverage="75" maxCyclomaticComplexity="4" minCyclomaticComplexity="4" visitedClasses="0" numClasses="0" visitedMethods="1" numMethods="1" />
              <MetadataToken />
              <Name>Index5.Application.DTOs.LoginResponse Index5.Application.Services.AuthService::GenerateTokenResponse(Index5.Domain.Entities.User)</Name>
              <FileRef uid="1" />
              <SequencePoints>
                <SequencePoint vc="2" uspid="128" ordinal="0" sl="128" sc="1" el="128" ec="2" bec="0" bev="0" fileid="1" />
                <SequencePoint vc="2" uspid="129" ordinal="1" sl="129" sc="1" el="129" ec="2" bec="0" bev="0" fileid="1" />
                <SequencePoint vc="2" uspid="130" ordinal="2" sl="130" sc="1" el="130" ec="2" bec="0" bev="0" fileid="1" />
                <SequencePoint vc="2" uspid="131" ordinal="3" sl="131" sc="1" el="131" ec="2" bec="2" bev="1" fileid="1" />
                <SequencePoint vc="2" uspid="133" ordinal="4" sl="133" sc="1" el="133" ec="2" bec="0" bev="0" fileid="1" />
                <SequencePoint vc="2" uspid="134" ordinal="5" sl="134" sc="1" el="134" ec="2" bec="0" bev="0" fileid="1" />
                <SequencePoint vc="2" uspid="135" ordinal="6" sl="135" sc="1" el="135" ec="2" bec="0" bev="0" fileid="1" />
                <SequencePoint vc="2" uspid="136" ordinal="7" sl="136" sc="1" el="136" ec="2" bec="0" bev="0" fileid="1" />
                <SequencePoint vc="2" uspid="137" ordinal="8" sl="137" sc="1" el="137" ec="2" bec="0" bev="0" fileid="1" />
                <SequencePoint vc="2" uspid="138" ordinal="9" sl="138" sc="1" el="138" ec="2" bec="0" bev="0" fileid="1" />
                <SequencePoint vc="2" uspid="139" ordinal="10" sl="139" sc="1" el="139" ec="2" bec="0" bev="0" fileid="1" />
                <SequencePoint vc="2" uspid="140" ordinal="11" sl="140" sc="1" el="140" ec="2" bec="0" bev="0" fileid="1" />
                <SequencePoint vc="2" uspid="142" ordinal="12" sl="142" sc="1" el="142" ec="2" bec="2" bev="2" fileid="1" />
                <SequencePoint vc="1" uspid="143" ordinal="13" sl="143" sc="1" el="143" ec="2" bec="0" bev="0" fileid="1" />
                <SequencePoint vc="2" uspid="145" ordinal="14" sl="145" sc="1" el="145" ec="2" bec="0" bev="0" fileid="1" />
                <SequencePoint vc="2" uspid="146" ordinal="15" sl="146" sc="1" el="146" ec="2" bec="0" bev="0" fileid="1" />
                <SequencePoint vc="2" uspid="147" ordinal="16" sl="147" sc="1" el="147" ec="2" bec="0" bev="0" fileid="1" />
                <SequencePoint vc="2" uspid="148" ordinal="17" sl="148" sc="1" el="148" ec="2" bec="0" bev="0" fileid="1" />
                <SequencePoint vc="2" uspid="149" ordinal="18" sl="149" sc="1" el="149" ec="2" bec="0" bev="0" fileid="1" />
                <SequencePoint vc="2" uspid="150" ordinal="19" sl="150" sc="1" el="150" ec="2" bec="0" bev="0" fileid="1" />
                <SequencePoint vc="2" uspid="152" ordinal="20" sl="152" sc="1" el="152" ec="2" bec="0" bev="0" fileid="1" />
                <SequencePoint vc="2" uspid="153" ordinal="21" sl="153" sc="1" el="153" ec="2" bec="0" bev="0" fileid="1" />
                <SequencePoint vc="2" uspid="154" ordinal="22" sl="154" sc="1" el="154" ec="2" bec="0" bev="0" fileid="1" />
                <SequencePoint vc="2" uspid="155" ordinal="23" sl="155" sc="1" el="155" ec="2" bec="0" bev="0" fileid="1" />
                <SequencePoint vc="2" uspid="156" ordinal="24" sl="156" sc="1" el="156" ec="2" bec="0" bev="0" fileid="1" />
                <SequencePoint vc="2" uspid="157" ordinal="25" sl="157" sc="1" el="157" ec="2" bec="0" bev="0" fileid="1" />
                <SequencePoint vc="2" uspid="158" ordinal="26" sl="158" sc="1" el="158" ec="2" bec="0" bev="0" fileid="1" />
                <SequencePoint vc="2" uspid="159" ordinal="27" sl="159" sc="1" el="159" ec="2" bec="0" bev="0" fileid="1" />
                <SequencePoint vc="2" uspid="160" ordinal="28" sl="160" sc="1" el="160" ec="2" bec="0" bev="0" fileid="1" />
              </SequencePoints>
              <BranchPoints>
                <BranchPoint vc="0" uspid="131" ordinal="0" path="0" offset="66" offsetend="68" sl="131" fileid="1" />
                <BranchPoint vc="2" uspid="131" ordinal="1" path="1" offset="66" offsetend="74" sl="131" fileid="1" />
                <BranchPoint vc="1" uspid="142" ordinal="2" path="0" offset="234" offsetend="236" sl="142" fileid="1" />
                <BranchPoint vc="2" uspid="142" ordinal="3" path="1" offset="234" offsetend="259" sl="142" fileid="1" />
              </BranchPoints>
              <MethodPoint vc="29" uspid="0" p8:type="SequencePoint" ordinal="0" offset="0" sc="0" sl="128" ec="1" el="160" bec="0" bev="0" fileid="1" xmlns:p8="xsi" />
            </Method>
            <Method cyclomaticComplexity="1" nPathComplexity="1" sequenceCoverage="100" branchCoverage="100" isConstructor="True" isGetter="False" isSetter="False" isStatic="True">
              <Summary numSequencePoints="9" visitedSequencePoints="9" numBranchPoints="0" visitedBranchPoints="0" sequenceCoverage="100" branchCoverage="100" maxCyclomaticComplexity="1" minCyclomaticComplexity="1" visitedClasses="0" numClasses="0" visitedMethods="1" numMethods="1" />
              <MetadataToken />
              <Name>System.Void Index5.Application.Services.AuthService::.ctor(Index5.Domain.Interfaces.IUserRepository,Index5.Domain.Interfaces.IUnitOfWork,Microsoft.Extensions.Configuration.IConfiguration)</Name>
              <FileRef uid="1" />
              <SequencePoints>
                <SequencePoint vc="10" uspid="18" ordinal="0" sl="18" sc="1" el="18" ec="2" bec="0" bev="0" fileid="1" />
                <SequencePoint vc="10" uspid="19" ordinal="1" sl="19" sc="1" el="19" ec="2" bec="0" bev="0" fileid="1" />
                <SequencePoint vc="10" uspid="20" ordinal="2" sl="20" sc="1" el="20" ec="2" bec="0" bev="0" fileid="1" />
                <SequencePoint vc="10" uspid="21" ordinal="3" sl="21" sc="1" el="21" ec="2" bec="0" bev="0" fileid="1" />
                <SequencePoint vc="10" uspid="22" ordinal="4" sl="22" sc="1" el="22" ec="2" bec="0" bev="0" fileid="1" />
                <SequencePoint vc="10" uspid="23" ordinal="5" sl="23" sc="1" el="23" ec="2" bec="0" bev="0" fileid="1" />
                <SequencePoint vc="10" uspid="24" ordinal="6" sl="24" sc="1" el="24" ec="2" bec="0" bev="0" fileid="1" />
                <SequencePoint vc="10" uspid="25" ordinal="7" sl="25" sc="1" el="25" ec="2" bec="0" bev="0" fileid="1" />
                <SequencePoint vc="10" uspid="26" ordinal="8" sl="26" sc="1" el="26" ec="2" bec="0" bev="0" fileid="1" />
              </SequencePoints>
              <BranchPoints />
              <MethodPoint vc="9" uspid="0" p8:type="SequencePoint" ordinal="1" offset="1" sc="0" sl="18" ec="1" el="26" bec="0" bev="0" fileid="1" xmlns:p8="xsi" />
            </Method>
          </Methods>
        </Class>
        <Class>
          <Summary numSequencePoints="10" visitedSequencePoints="8" numBranchPoints="8" visitedBranchPoints="6" sequenceCoverage="80" branchCoverage="75" maxCyclomaticComplexity="8" minCyclomaticComplexity="8" visitedClasses="1" numClasses="1" visitedMethods="1" numMethods="1" />
          <FullName>Index5.Application.Services.AuthService/&lt;LoginAdminAsync&gt;d__6</FullName>
          <Methods>
            <Method cyclomaticComplexity="8" nPathComplexity="8" sequenceCoverage="80" branchCoverage="75" isConstructor="False" isGetter="False" isSetter="False" isStatic="True">
              <Summary numSequencePoints="10" visitedSequencePoints="8" numBranchPoints="8" visitedBranchPoints="6" sequenceCoverage="80" branchCoverage="75" maxCyclomaticComplexity="8" minCyclomaticComplexity="8" visitedClasses="0" numClasses="0" visitedMethods="1" numMethods="1" />
              <MetadataToken />
              <Name>System.Void Index5.Application.Services.AuthService/&lt;LoginAdminAsync&gt;d__6::MoveNext()</Name>
              <FileRef uid="1" />
              <SequencePoints>
                <SequencePoint vc="2" uspid="113" ordinal="0" sl="113" sc="1" el="113" ec="2" bec="0" bev="0" fileid="1" />
                <SequencePoint vc="2" uspid="114" ordinal="1" sl="114" sc="1" el="114" ec="2" bec="0" bev="0" fileid="1" />
                <SequencePoint vc="2" uspid="115" ordinal="2" sl="115" sc="1" el="115" ec="2" bec="4" bev="4" fileid="1" />
                <SequencePoint vc="1" uspid="116" ordinal="3" sl="116" sc="1" el="116" ec="2" bec="0" bev="0" fileid="1" />
                <SequencePoint vc="1" uspid="118" ordinal="4" sl="118" sc="1" el="118" ec="2" bec="2" bev="1" fileid="1" />
                <SequencePoint vc="0" uspid="119" ordinal="5" sl="119" sc="1" el="119" ec="2" bec="0" bev="0" fileid="1" />
                <SequencePoint vc="1" uspid="121" ordinal="6" sl="121" sc="1" el="121" ec="2" bec="2" bev="1" fileid="1" />
                <SequencePoint vc="0" uspid="122" ordinal="7" sl="122" sc="1" el="122" ec="2" bec="0" bev="0" fileid="1" />
                <SequencePoint vc="1" uspid="124" ordinal="8" sl="124" sc="1" el="124" ec="2" bec="0" bev="0" fileid="1" />
                <SequencePoint vc="1" uspid="125" ordinal="9" sl="125" sc="1" el="125" ec="2" bec="0" bev="0" fileid="1" />
              </SequencePoints>
              <BranchPoints>
                <BranchPoint vc="1" uspid="115" ordinal="0" path="0" offset="162" offsetend="164" sl="115" fileid="1" />
                <BranchPoint vc="1" uspid="115" ordinal="1" path="1" offset="162" offsetend="187" sl="115" fileid="1" />
                <BranchPoint vc="1" uspid="115" ordinal="2" path="0" offset="192" offsetend="194" sl="115" fileid="1" />
                <BranchPoint vc="1" uspid="115" ordinal="3" path="1" offset="192" offsetend="205" sl="115" fileid="1" />
                <BranchPoint vc="0" uspid="118" ordinal="4" path="0" offset="241" offsetend="243" sl="118" fileid="1" />
                <BranchPoint vc="1" uspid="118" ordinal="5" path="1" offset="241" offsetend="254" sl="118" fileid="1" />
                <BranchPoint vc="0" uspid="121" ordinal="6" path="0" offset="272" offsetend="274" sl="121" fileid="1" />
                <BranchPoint vc="1" uspid="121" ordinal="7" path="1" offset="272" offsetend="285" sl="121" fileid="1" />
              </BranchPoints>
              <MethodPoint vc="8" uspid="0" p8:type="SequencePoint" ordinal="0" offset="0" sc="0" sl="113" ec="1" el="125" bec="0" bev="0" fileid="1" xmlns:p8="xsi" />
            </Method>
          </Methods>
        </Class>
        <Class>
          <Summary numSequencePoints="10" visitedSequencePoints="8" numBranchPoints="8" visitedBranchPoints="5" sequenceCoverage="80" branchCoverage="62.5" maxCyclomaticComplexity="8" minCyclomaticComplexity="8" visitedClasses="1" numClasses="1" visitedMethods="1" numMethods="1" />
          <FullName>Index5.Application.Services.AuthService/&lt;LoginClientAsync&gt;d__5</FullName>
          <Methods>
            <Method cyclomaticComplexity="8" nPathComplexity="8" sequenceCoverage="80" branchCoverage="62.5" isConstructor="False" isGetter="False" isSetter="False" isStatic="True">
              <Summary numSequencePoints="10" visitedSequencePoints="8" numBranchPoints="8" visitedBranchPoints="5" sequenceCoverage="80" branchCoverage="62.5" maxCyclomaticComplexity="8" minCyclomaticComplexity="8" visitedClasses="0" numClasses="0" visitedMethods="1" numMethods="1" />
              <MetadataToken />
              <Name>System.Void Index5.Application.Services.AuthService/&lt;LoginClientAsync&gt;d__5::MoveNext()</Name>
              <FileRef uid="1" />
              <SequencePoints>
                <SequencePoint vc="2" uspid="98" ordinal="0" sl="98" sc="1" el="98" ec="2" bec="0" bev="0" fileid="1" />
                <SequencePoint vc="2" uspid="99" ordinal="1" sl="99" sc="1" el="99" ec="2" bec="0" bev="0" fileid="1" />
                <SequencePoint vc="2" uspid="100" ordinal="2" sl="100" sc="1" el="100" ec="2" bec="4" bev="2" fileid="1" />
                <SequencePoint vc="0" uspid="101" ordinal="3" sl="101" sc="1" el="101" ec="2" bec="0" bev="0" fileid="1" />
                <SequencePoint vc="2" uspid="103" ordinal="4" sl="103" sc="1" el="103" ec="2" bec="2" bev="1" fileid="1" />
                <SequencePoint vc="0" uspid="104" ordinal="5" sl="104" sc="1" el="104" ec="2" bec="0" bev="0" fileid="1" />
                <SequencePoint vc="2" uspid="106" ordinal="6" sl="106" sc="1" el="106" ec="2" bec="2" bev="2" fileid="1" />
                <SequencePoint vc="1" uspid="107" ordinal="7" sl="107" sc="1" el="107" ec="2" bec="0" bev="0" fileid="1" />
                <SequencePoint vc="1" uspid="109" ordinal="8" sl="109" sc="1" el="109" ec="2" bec="0" bev="0" fileid="1" />
                <SequencePoint vc="1" uspid="110" ordinal="9" sl="110" sc="1" el="110" ec="2" bec="0" bev="0" fileid="1" />
              </SequencePoints>
              <BranchPoints>
                <BranchPoint vc="2" uspid="100" ordinal="0" path="0" offset="162" offsetend="164" sl="100" fileid="1" />
                <BranchPoint vc="0" uspid="100" ordinal="1" path="1" offset="162" offsetend="187" sl="100" fileid="1" />
                <BranchPoint vc="0" uspid="100" ordinal="2" path="0" offset="192" offsetend="194" sl="100" fileid="1" />
                <BranchPoint vc="2" uspid="100" ordinal="3" path="1" offset="192" offsetend="205" sl="100" fileid="1" />
                <BranchPoint vc="0" uspid="103" ordinal="4" path="0" offset="241" offsetend="243" sl="103" fileid="1" />
                <BranchPoint vc="2" uspid="103" ordinal="5" path="1" offset="241" offsetend="254" sl="103" fileid="1" />
                <BranchPoint vc="1" uspid="106" ordinal="6" path="0" offset="272" offsetend="274" sl="106" fileid="1" />
                <BranchPoint vc="1" uspid="106" ordinal="7" path="1" offset="272" offsetend="285" sl="106" fileid="1" />
              </BranchPoints>
              <MethodPoint vc="8" uspid="0" p8:type="SequencePoint" ordinal="0" offset="0" sc="0" sl="98" ec="1" el="110" bec="0" bev="0" fileid="1" xmlns:p8="xsi" />
            </Method>
          </Methods>
        </Class>
        <Class>
          <Summary numSequencePoints="54" visitedSequencePoints="53" numBranchPoints="32" visitedBranchPoints="30" sequenceCoverage="98.14" branchCoverage="93.75" maxCyclomaticComplexity="32" minCyclomaticComplexity="32" visitedClasses="1" numClasses="1" visitedMethods="1" numMethods="1" />
          <FullName>Index5.Application.Services.AuthService/&lt;RegisterAsync&gt;d__4</FullName>
          <Methods>
            <Method cyclomaticComplexity="32" nPathComplexity="32" sequenceCoverage="98.14" branchCoverage="93.75" isConstructor="False" isGetter="False" isSetter="False" isStatic="True">
              <Summary numSequencePoints="54" visitedSequencePoints="53" numBranchPoints="32" visitedBranchPoints="30" sequenceCoverage="98.14" branchCoverage="93.75" maxCyclomaticComplexity="32" minCyclomaticComplexity="32" visitedClasses="0" numClasses="0" visitedMethods="1" numMethods="1" />
              <MetadataToken />
              <Name>System.Void Index5.Application.Services.AuthService/&lt;RegisterAsync&gt;d__4::MoveNext()</Name>
              <FileRef uid="1" />
              <SequencePoints>
                <SequencePoint vc="11" uspid="29" ordinal="0" sl="29" sc="1" el="29" ec="2" bec="0" bev="0" fileid="1" />
                <SequencePoint vc="11" uspid="30" ordinal="1" sl="30" sc="1" el="30" ec="2" bec="2" bev="2" fileid="1" />
                <SequencePoint vc="1" uspid="31" ordinal="2" sl="31" sc="1" el="31" ec="2" bec="0" bev="0" fileid="1" />
                <SequencePoint vc="10" uspid="33" ordinal="3" sl="33" sc="1" el="33" ec="2" bec="2" bev="2" fileid="1" />
                <SequencePoint vc="1" uspid="34" ordinal="4" sl="34" sc="1" el="34" ec="2" bec="0" bev="0" fileid="1" />
                <SequencePoint vc="9" uspid="36" ordinal="5" sl="36" sc="1" el="36" ec="2" bec="2" bev="2" fileid="1" />
                <SequencePoint vc="1" uspid="37" ordinal="6" sl="37" sc="1" el="37" ec="2" bec="0" bev="0" fileid="1" />
                <SequencePoint vc="8" uspid="39" ordinal="7" sl="39" sc="1" el="39" ec="2" bec="2" bev="2" fileid="1" />
                <SequencePoint vc="1" uspid="40" ordinal="8" sl="40" sc="1" el="40" ec="2" bec="0" bev="0" fileid="1" />
                <SequencePoint vc="7" uspid="42" ordinal="9" sl="42" sc="1" el="42" ec="2" bec="2" bev="2" fileid="1" />
                <SequencePoint vc="1" uspid="43" ordinal="10" sl="43" sc="1" el="43" ec="2" bec="0" bev="0" fileid="1" />
                <SequencePoint vc="6" uspid="45" ordinal="11" sl="45" sc="1" el="45" ec="2" bec="4" bev="4" fileid="1" />
                <SequencePoint vc="1" uspid="46" ordinal="12" sl="46" sc="1" el="46" ec="2" bec="0" bev="0" fileid="1" />
                <SequencePoint vc="5" uspid="48" ordinal="13" sl="48" sc="1" el="48" ec="2" bec="4" bev="4" fileid="1" />
                <SequencePoint vc="1" uspid="49" ordinal="14" sl="49" sc="1" el="49" ec="2" bec="0" bev="0" fileid="1" />
                <SequencePoint vc="4" uspid="51" ordinal="15" sl="51" sc="1" el="51" ec="2" bec="4" bev="4" fileid="1" />
                <SequencePoint vc="1" uspid="52" ordinal="16" sl="52" sc="1" el="52" ec="2" bec="0" bev="0" fileid="1" />
                <SequencePoint vc="3" uspid="54" ordinal="17" sl="54" sc="1" el="54" ec="2" bec="0" bev="0" fileid="1" />
                <SequencePoint vc="3" uspid="55" ordinal="18" sl="55" sc="1" el="55" ec="2" bec="2" bev="1" fileid="1" />
                <SequencePoint vc="0" uspid="56" ordinal="19" sl="56" sc="1" el="56" ec="2" bec="0" bev="0" fileid="1" />
                <SequencePoint vc="3" uspid="58" ordinal="20" sl="58" sc="1" el="58" ec="2" bec="0" bev="0" fileid="1" />
                <SequencePoint vc="3" uspid="59" ordinal="21" sl="59" sc="1" el="59" ec="2" bec="2" bev="2" fileid="1" />
                <SequencePoint vc="1" uspid="60" ordinal="22" sl="60" sc="1" el="60" ec="2" bec="0" bev="0" fileid="1" />
                <SequencePoint vc="2" uspid="62" ordinal="23" sl="62" sc="1" el="62" ec="2" bec="2" bev="2" fileid="1" />
                <SequencePoint vc="2" uspid="63" ordinal="24" sl="63" sc="1" el="63" ec="2" bec="0" bev="0" fileid="1" />
                <SequencePoint vc="2" uspid="64" ordinal="25" sl="64" sc="1" el="64" ec="2" bec="0" bev="0" fileid="1" />
                <SequencePoint vc="2" uspid="65" ordinal="26" sl="65" sc="1" el="65" ec="2" bec="2" bev="2" fileid="1" />
                <SequencePoint vc="1" uspid="66" ordinal="27" sl="66" sc="1" el="66" ec="2" bec="0" bev="0" fileid="1" />
                <SequencePoint vc="1" uspid="67" ordinal="28" sl="67" sc="1" el="67" ec="2" bec="0" bev="0" fileid="1" />
                <SequencePoint vc="1" uspid="69" ordinal="29" sl="69" sc="1" el="69" ec="2" bec="2" bev="1" fileid="1" />
                <SequencePoint vc="1" uspid="70" ordinal="30" sl="70" sc="1" el="70" ec="2" bec="0" bev="0" fileid="1" />
                <SequencePoint vc="1" uspid="71" ordinal="31" sl="71" sc="1" el="71" ec="2" bec="0" bev="0" fileid="1" />
                <SequencePoint vc="1" uspid="72" ordinal="32" sl="72" sc="1" el="72" ec="2" bec="0" bev="0" fileid="1" />
                <SequencePoint vc="1" uspid="73" ordinal="33" sl="73" sc="1" el="73" ec="2" bec="0" bev="0" fileid="1" />
                <SequencePoint vc="1" uspid="74" ordinal="34" sl="74" sc="1" el="74" ec="2" bec="0" bev="0" fileid="1" />
                <SequencePoint vc="1" uspid="75" ordinal="35" sl="75" sc="1" el="75" ec="2" bec="0" bev="0" fileid="1" />
                <SequencePoint vc="1" uspid="76" ordinal="36" sl="76" sc="1" el="76" ec="2" bec="0" bev="0" fileid="1" />
                <SequencePoint vc="1" uspid="77" ordinal="37" sl="77" sc="1" el="77" ec="2" bec="0" bev="0" fileid="1" />
                <SequencePoint vc="1" uspid="78" ordinal="38" sl="78" sc="1" el="78" ec="2" bec="0" bev="0" fileid="1" />
                <SequencePoint vc="1" uspid="79" ordinal="39" sl="79" sc="1" el="79" ec="2" bec="0" bev="0" fileid="1" />
                <SequencePoint vc="1" uspid="80" ordinal="40" sl="80" sc="1" el="80" ec="2" bec="0" bev="0" fileid="1" />
                <SequencePoint vc="1" uspid="82" ordinal="41" sl="82" sc="1" el="82" ec="2" bec="0" bev="0" fileid="1" />
                <SequencePoint vc="1" uspid="83" ordinal="42" sl="83" sc="1" el="83" ec="2" bec="0" bev="0" fileid="1" />
                <SequencePoint vc="1" uspid="85" ordinal="43" sl="85" sc="1" el="85" ec="2" bec="0" bev="0" fileid="1" />
                <SequencePoint vc="1" uspid="86" ordinal="44" sl="86" sc="1" el="86" ec="2" bec="0" bev="0" fileid="1" />
                <SequencePoint vc="1" uspid="87" ordinal="45" sl="87" sc="1" el="87" ec="2" bec="0" bev="0" fileid="1" />
                <SequencePoint vc="1" uspid="88" ordinal="46" sl="88" sc="1" el="88" ec="2" bec="0" bev="0" fileid="1" />
                <SequencePoint vc="1" uspid="89" ordinal="47" sl="89" sc="1" el="89" ec="2" bec="0" bev="0" fileid="1" />
                <SequencePoint vc="1" uspid="90" ordinal="48" sl="90" sc="1" el="90" ec="2" bec="0" bev="0" fileid="1" />
                <SequencePoint vc="1" uspid="91" ordinal="49" sl="91" sc="1" el="91" ec="2" bec="0" bev="0" fileid="1" />
                <SequencePoint vc="1" uspid="92" ordinal="50" sl="92" sc="1" el="92" ec="2" bec="0" bev="0" fileid="1" />
                <SequencePoint vc="1" uspid="93" ordinal="51" sl="93" sc="1" el="93" ec="2" bec="0" bev="0" fileid="1" />
                <SequencePoint vc="1" uspid="94" ordinal="52" sl="94" sc="1" el="94" ec="2" bec="0" bev="0" fileid="1" />
                <SequencePoint vc="1" uspid="95" ordinal="53" sl="95" sc="1" el="95" ec="2" bec="0" bev="0" fileid="1" />
              </SequencePoints>
              <BranchPoints>
                <BranchPoint vc="1" uspid="30" ordinal="0" path="0" offset="79" offsetend="81" sl="30" fileid="1" />
                <BranchPoint vc="10" uspid="30" ordinal="1" path="1" offset="79" offsetend="92" sl="30" fileid="1" />
                <BranchPoint vc="1" uspid="33" ordinal="2" path="0" offset="110" offsetend="112" sl="33" fileid="1" />
                <BranchPoint vc="9" uspid="33" ordinal="3" path="1" offset="110" offsetend="123" sl="33" fileid="1" />
                <BranchPoint vc="1" uspid="36" ordinal="4" path="0" offset="143" offsetend="145" sl="36" fileid="1" />
                <BranchPoint vc="8" uspid="36" ordinal="5" path="1" offset="143" offsetend="156" sl="36" fileid="1" />
                <BranchPoint vc="1" uspid="39" ordinal="6" path="0" offset="176" offsetend="178" sl="39" fileid="1" />
                <BranchPoint vc="7" uspid="39" ordinal="7" path="1" offset="176" offsetend="189" sl="39" fileid="1" />
                <BranchPoint vc="1" uspid="42" ordinal="8" path="0" offset="219" offsetend="221" sl="42" fileid="1" />
                <BranchPoint vc="6" uspid="42" ordinal="9" path="1" offset="219" offsetend="232" sl="42" fileid="1" />
                <BranchPoint vc="3" uspid="45" ordinal="10" path="0" offset="253" offsetend="255" sl="45" fileid="1" />
                <BranchPoint vc="3" uspid="45" ordinal="11" path="1" offset="253" offsetend="278" sl="45" fileid="1" />
                <BranchPoint vc="1" uspid="45" ordinal="12" path="0" offset="283" offsetend="285" sl="45" fileid="1" />
                <BranchPoint vc="5" uspid="45" ordinal="13" path="1" offset="283" offsetend="296" sl="45" fileid="1" />
                <BranchPoint vc="3" uspid="48" ordinal="14" path="0" offset="317" offsetend="319" sl="48" fileid="1" />
                <BranchPoint vc="2" uspid="48" ordinal="15" path="1" offset="317" offsetend="337" sl="48" fileid="1" />
                <BranchPoint vc="1" uspid="48" ordinal="16" path="0" offset="342" offsetend="344" sl="48" fileid="1" />
                <BranchPoint vc="4" uspid="48" ordinal="17" path="1" offset="342" offsetend="355" sl="48" fileid="1" />
                <BranchPoint vc="2" uspid="51" ordinal="18" path="0" offset="376" offsetend="378" sl="51" fileid="1" />
                <BranchPoint vc="2" uspid="51" ordinal="19" path="1" offset="376" offsetend="399" sl="51" fileid="1" />
                <BranchPoint vc="1" uspid="51" ordinal="20" path="0" offset="404" offsetend="406" sl="51" fileid="1" />
                <BranchPoint vc="3" uspid="51" ordinal="21" path="1" offset="404" offsetend="417" sl="51" fileid="1" />
                <BranchPoint vc="0" uspid="55" ordinal="22" path="0" offset="575" offsetend="577" sl="55" fileid="1" />
                <BranchPoint vc="3" uspid="55" ordinal="23" path="1" offset="575" offsetend="588" sl="55" fileid="1" />
                <BranchPoint vc="1" uspid="59" ordinal="24" path="0" offset="746" offsetend="748" sl="59" fileid="1" />
                <BranchPoint vc="2" uspid="59" ordinal="25" path="1" offset="746" offsetend="759" sl="59" fileid="1" />
                <BranchPoint vc="2" uspid="62" ordinal="26" path="0" offset="782" offsetend="787" sl="62" fileid="1" />
                <BranchPoint vc="1" uspid="65" ordinal="28" path="0" offset="946" offsetend="948" sl="65" fileid="1" />
                <BranchPoint vc="1" uspid="65" ordinal="29" path="1" offset="946" offsetend="959" sl="65" fileid="1" />
                <BranchPoint vc="1" uspid="62" ordinal="27" path="1" offset="782" offsetend="967" sl="62" fileid="1" />
                <BranchPoint vc="0" uspid="69" ordinal="30" path="0" offset="1049" offsetend="1051" sl="69" fileid="1" />
                <BranchPoint vc="1" uspid="69" ordinal="31" path="1" offset="1049" offsetend="1054" sl="69" fileid="1" />
              </BranchPoints>
              <MethodPoint vc="53" uspid="0" p8:type="SequencePoint" ordinal="0" offset="0" sc="0" sl="29" ec="1" el="95" bec="0" bev="0" fileid="1" xmlns:p8="xsi" />
            </Method>
          </Methods>
        </Class>
        <Class>
          <Summary numSequencePoints="14" visitedSequencePoints="14" numBranchPoints="4" visitedBranchPoints="1" sequenceCoverage="100" branchCoverage="25" maxCyclomaticComplexity="2" minCyclomaticComplexity="2" visitedClasses="1" numClasses="1" visitedMethods="2" numMethods="2" />
          <FullName>Index5.Application.Services.BasketService</FullName>
          <Methods>
            <Method cyclomaticComplexity="2" nPathComplexity="2" sequenceCoverage="100" branchCoverage="0" isConstructor="False" isGetter="False" isSetter="False" isStatic="True">
              <Summary numSequencePoints="1" visitedSequencePoints="1" numBranchPoints="2" visitedBranchPoints="0" sequenceCoverage="100" branchCoverage="0" maxCyclomaticComplexity="2" minCyclomaticComplexity="2" visitedClasses="0" numClasses="0" visitedMethods="1" numMethods="1" />
              <MetadataToken />
              <Name>System.Decimal Index5.Application.Services.BasketService::&lt;CreateAsync&gt;b__6_2(System.String)</Name>
              <FileRef uid="2" />
              <SequencePoints>
                <SequencePoint vc="1" uspid="78" ordinal="0" sl="78" sc="1" el="78" ec="2" bec="2" bev="0" fileid="2" />
              </SequencePoints>
              <BranchPoints>
                <BranchPoint vc="0" uspid="78" ordinal="0" path="0" offset="19" offsetend="21" sl="78" fileid="2" />
                <BranchPoint vc="0" uspid="78" ordinal="1" path="1" offset="19" offsetend="29" sl="78" fileid="2" />
              </BranchPoints>
              <MethodPoint vc="1" uspid="0" p8:type="SequencePoint" ordinal="0" offset="0" sc="0" sl="78" ec="1" el="78" bec="0" bev="0" fileid="2" xmlns:p8="xsi" />
            </Method>
            <Method cyclomaticComplexity="2" nPathComplexity="2" sequenceCoverage="100" branchCoverage="50" isConstructor="True" isGetter="False" isSetter="False" isStatic="True">
              <Summary numSequencePoints="13" visitedSequencePoints="13" numBranchPoints="2" visitedBranchPoints="1" sequenceCoverage="100" branchCoverage="50" maxCyclomaticComplexity="2" minCyclomaticComplexity="2" visitedClasses="0" numClasses="0" visitedMethods="1" numMethods="1" />
              <MetadataToken />
              <Name>System.Void Index5.Application.Services.BasketService::.ctor(Index5.Domain.Interfaces.IBasketRepository,Index5.Domain.Interfaces.IUnitOfWork,Index5.Application.Services.RebalancingService,Index5.Domain.Interfaces.ICotahistParser,Microsoft.Extensions.Configuration.IConfiguration)</Name>
              <FileRef uid="2" />
              <SequencePoints>
                <SequencePoint vc="6" uspid="16" ordinal="0" sl="16" sc="1" el="16" ec="2" bec="0" bev="0" fileid="2" />
                <SequencePoint vc="6" uspid="17" ordinal="1" sl="17" sc="1" el="17" ec="2" bec="0" bev="0" fileid="2" />
                <SequencePoint vc="6" uspid="18" ordinal="2" sl="18" sc="1" el="18" ec="2" bec="0" bev="0" fileid="2" />
                <SequencePoint vc="6" uspid="19" ordinal="3" sl="19" sc="1" el="19" ec="2" bec="0" bev="0" fileid="2" />
                <SequencePoint vc="6" uspid="20" ordinal="4" sl="20" sc="1" el="20" ec="2" bec="0" bev="0" fileid="2" />
                <SequencePoint vc="6" uspid="21" ordinal="5" sl="21" sc="1" el="21" ec="2" bec="0" bev="0" fileid="2" />
                <SequencePoint vc="6" uspid="22" ordinal="6" sl="22" sc="1" el="22" ec="2" bec="0" bev="0" fileid="2" />
                <SequencePoint vc="6" uspid="23" ordinal="7" sl="23" sc="1" el="23" ec="2" bec="0" bev="0" fileid="2" />
                <SequencePoint vc="6" uspid="24" ordinal="8" sl="24" sc="1" el="24" ec="2" bec="0" bev="0" fileid="2" />
                <SequencePoint vc="6" uspid="25" ordinal="9" sl="25" sc="1" el="25" ec="2" bec="0" bev="0" fileid="2" />
                <SequencePoint vc="6" uspid="26" ordinal="10" sl="26" sc="1" el="26" ec="2" bec="0" bev="0" fileid="2" />
                <SequencePoint vc="6" uspid="27" ordinal="11" sl="27" sc="1" el="27" ec="2" bec="2" bev="1" fileid="2" />
                <SequencePoint vc="6" uspid="28" ordinal="12" sl="28" sc="1" el="28" ec="2" bec="0" bev="0" fileid="2" />
              </SequencePoints>
              <BranchPoints>
                <BranchPoint vc="0" uspid="27" ordinal="0" path="0" offset="51" offsetend="53" sl="27" fileid="2" />
                <BranchPoint vc="6" uspid="27" ordinal="1" path="1" offset="51" offsetend="59" sl="27" fileid="2" />
              </BranchPoints>
              <MethodPoint vc="13" uspid="0" p8:type="SequencePoint" ordinal="1" offset="1" sc="0" sl="16" ec="1" el="28" bec="0" bev="0" fileid="2" xmlns:p8="xsi" />
            </Method>
          </Methods>
        </Class>
        <Class>
          <Summary numSequencePoints="29" visitedSequencePoints="19" numBranchPoints="0" visitedBranchPoints="0" sequenceCoverage="65.51" branchCoverage="100" maxCyclomaticComplexity="1" minCyclomaticComplexity="1" visitedClasses="1" numClasses="1" visitedMethods="4" numMethods="5" />
          <FullName>Index5.Application.Services.BasketService/&lt;&gt;c</FullName>
          <Methods>
            <Method cyclomaticComplexity="1" nPathComplexity="1" sequenceCoverage="100" branchCoverage="100" isConstructor="False" isGetter="False" isSetter="False" isStatic="True">
              <Summary numSequencePoints="1" visitedSequencePoints="1" numBranchPoints="0" visitedBranchPoints="0" sequenceCoverage="100" branchCoverage="100" maxCyclomaticComplexity="1" minCyclomaticComplexity="1" visitedClasses="0" numClasses="0" visitedMethods="1" numMethods="1" />
              <MetadataToken />
              <Name>System.Decimal Index5.Application.Services.BasketService/&lt;&gt;c::&lt;CreateAsync&gt;b__6_0(Index5.Application.DTOs.BasketItemDto)</Name>
              <FileRef uid="2" />
              <SequencePoints>
                <SequencePoint vc="12" uspid="35" ordinal="0" sl="35" sc="1" el="35" ec="2" bec="0" bev="0" fileid="2" />
              </SequencePoints>
              <BranchPoints />
              <MethodPoint vc="1" uspid="0" p8:type="SequencePoint" ordinal="0" offset="0" sc="0" sl="35" ec="1" el="35" bec="0" bev="0" fileid="2" xmlns:p8="xsi" />
            </Method>
            <Method cyclomaticComplexity="1" nPathComplexity="1" sequenceCoverage="100" branchCoverage="100" isConstructor="False" isGetter="False" isSetter="False" isStatic="True">
              <Summary numSequencePoints="5" visitedSequencePoints="5" numBranchPoints="0" visitedBranchPoints="0" sequenceCoverage="100" branchCoverage="100" maxCyclomaticComplexity="1" minCyclomaticComplexity="1" visitedClasses="0" numClasses="0" visitedMethods="1" numMethods="1" />
              <MetadataToken />
              <Name>Index5.Domain.Entities.BasketItem Index5.Application.Services.BasketService/&lt;&gt;c::&lt;CreateAsync&gt;b__6_1(Index5.Application.DTOs.BasketItemDto)</Name>
              <FileRef uid="2" />
              <SequencePoints>
                <SequencePoint vc="12" uspid="57" ordinal="0" sl="57" sc="1" el="57" ec="2" bec="0" bev="0" fileid="2" />
                <SequencePoint vc="12" uspid="58" ordinal="1" sl="58" sc="1" el="58" ec="2" bec="0" bev="0" fileid="2" />
                <SequencePoint vc="12" uspid="59" ordinal="2" sl="59" sc="1" el="59" ec="2" bec="0" bev="0" fileid="2" />
                <SequencePoint vc="12" uspid="60" ordinal="3" sl="60" sc="1" el="60" ec="2" bec="0" bev="0" fileid="2" />
                <SequencePoint vc="12" uspid="61" ordinal="4" sl="61" sc="1" el="61" ec="2" bec="0" bev="0" fileid="2" />
              </SequencePoints>
              <BranchPoints />
              <MethodPoint vc="5" uspid="0" p8:type="SequencePoint" ordinal="1" offset="1" sc="0" sl="57" ec="1" el="61" bec="0" bev="0" fileid="2" xmlns:p8="xsi" />
            </Method>
            <Method cyclomaticComplexity="1" nPathComplexity="1" sequenceCoverage="100" branchCoverage="100" isConstructor="False" isGetter="False" isSetter="False" isStatic="True">
              <Summary numSequencePoints="5" visitedSequencePoints="5" numBranchPoints="0" visitedBranchPoints="0" sequenceCoverage="100" branchCoverage="100" maxCyclomaticComplexity="1" minCyclomaticComplexity="1" visitedClasses="0" numClasses="0" visitedMethods="1" numMethods="1" />
              <MetadataToken />
              <Name>Index5.Application.DTOs.BasketItemDto Index5.Application.Services.BasketService/&lt;&gt;c::&lt;CreateAsync&gt;b__6_3(Index5.Domain.Entities.BasketItem)</Name>
              <FileRef uid="2" />
              <SequencePoints>
                <SequencePoint vc="10" uspid="89" ordinal="0" sl="89" sc="1" el="89" ec="2" bec="0" bev="0" fileid="2" />
                <SequencePoint vc="10" uspid="90" ordinal="1" sl="90" sc="1" el="90" ec="2" bec="0" bev="0" fileid="2" />
                <SequencePoint vc="10" uspid="91" ordinal="2" sl="91" sc="1" el="91" ec="2" bec="0" bev="0" fileid="2" />
                <SequencePoint vc="10" uspid="92" ordinal="3" sl="92" sc="1" el="92" ec="2" bec="0" bev="0" fileid="2" />
                <SequencePoint vc="10" uspid="93" ordinal="4" sl="93" sc="1" el="93" ec="2" bec="0" bev="0" fileid="2" />
              </SequencePoints>
              <BranchPoints />
              <MethodPoint vc="5" uspid="0" p8:type="SequencePoint" ordinal="2" offset="2" sc="0" sl="89" ec="1" el="93" bec="0" bev="0" fileid="2" xmlns:p8="xsi" />
            </Method>
            <Method cyclomaticComplexity="1" nPathComplexity="1" sequenceCoverage="0" branchCoverage="100" isConstructor="False" isGetter="False" isSetter="False" isStatic="True">
              <Summary numSequencePoints="5" visitedSequencePoints="0" numBranchPoints="0" visitedBranchPoints="0" sequenceCoverage="0" branchCoverage="100" maxCyclomaticComplexity="1" minCyclomaticComplexity="1" visitedClasses="0" numClasses="0" visitedMethods="0" numMethods="1" />
              <MetadataToken />
              <Name>Index5.Application.DTOs.BasketItemDto Index5.Application.Services.BasketService/&lt;&gt;c::&lt;GetActiveAsync&gt;b__7_0(Index5.Domain.Entities.BasketItem)</Name>
              <FileRef uid="2" />
              <SequencePoints>
                <SequencePoint vc="0" uspid="115" ordinal="0" sl="115" sc="1" el="115" ec="2" bec="0" bev="0" fileid="2" />
                <SequencePoint vc="0" uspid="116" ordinal="1" sl="116" sc="1" el="116" ec="2" bec="0" bev="0" fileid="2" />
                <SequencePoint vc="0" uspid="117" ordinal="2" sl="117" sc="1" el="117" ec="2" bec="0" bev="0" fileid="2" />
                <SequencePoint vc="0" uspid="118" ordinal="3" sl="118" sc="1" el="118" ec="2" bec="0" bev="0" fileid="2" />
                <SequencePoint vc="0" uspid="119" ordinal="4" sl="119" sc="1" el="119" ec="2" bec="0" bev="0" fileid="2" />
              </SequencePoints>
              <BranchPoints />
              <MethodPoint vc="0" uspid="0" p8:type="SequencePoint" ordinal="3" offset="3" sc="0" sl="115" ec="1" el="119" bec="0" bev="0" fileid="2" xmlns:p8="xsi" />
            </Method>
            <Method cyclomaticComplexity="1" nPathComplexity="1" sequenceCoverage="61.53" branchCoverage="100" isConstructor="False" isGetter="False" isSetter="False" isStatic="True">
              <Summary numSequencePoints="13" visitedSequencePoints="8" numBranchPoints="0" visitedBranchPoints="0" sequenceCoverage="61.53" branchCoverage="100" maxCyclomaticComplexity="1" minCyclomaticComplexity="1" visitedClasses="0" numClasses="0" visitedMethods="1" numMethods="1" />
              <MetadataToken />
              <Name>Index5.Application.DTOs.BasketHistoryDto Index5.Application.Services.BasketService/&lt;&gt;c::&lt;GetHistoryAsync&gt;b__8_0(Index5.Domain.Entities.RecommendationBasket)</Name>
              <FileRef uid="2" />
              <SequencePoints>
                <SequencePoint vc="1" uspid="129" ordinal="0" sl="129" sc="1" el="129" ec="2" bec="0" bev="0" fileid="2" />
                <SequencePoint vc="1" uspid="130" ordinal="1" sl="130" sc="1" el="130" ec="2" bec="0" bev="0" fileid="2" />
                <SequencePoint vc="1" uspid="131" ordinal="2" sl="131" sc="1" el="131" ec="2" bec="0" bev="0" fileid="2" />
                <SequencePoint vc="1" uspid="132" ordinal="3" sl="132" sc="1" el="132" ec="2" bec="0" bev="0" fileid="2" />
                <SequencePoint vc="1" uspid="133" ordinal="4" sl="133" sc="1" el="133" ec="2" bec="0" bev="0" fileid="2" />
                <SequencePoint vc="1" uspid="134" ordinal="5" sl="134" sc="1" el="134" ec="2" bec="0" bev="0" fileid="2" />
                <SequencePoint vc="1" uspid="135" ordinal="6" sl="135" sc="1" el="135" ec="2" bec="0" bev="0" fileid="2" />
                <SequencePoint vc="0" uspid="136" ordinal="7" sl="136" sc="1" el="136" ec="2" bec="0" bev="0" fileid="2" />
                <SequencePoint vc="0" uspid="137" ordinal="8" sl="137" sc="1" el="137" ec="2" bec="0" bev="0" fileid="2" />
                <SequencePoint vc="0" uspid="138" ordinal="9" sl="138" sc="1" el="138" ec="2" bec="0" bev="0" fileid="2" />
                <SequencePoint vc="0" uspid="139" ordinal="10" sl="139" sc="1" el="139" ec="2" bec="0" bev="0" fileid="2" />
                <SequencePoint vc="0" uspid="140" ordinal="11" sl="140" sc="1" el="140" ec="2" bec="0" bev="0" fileid="2" />
                <SequencePoint vc="1" uspid="141" ordinal="12" sl="141" sc="1" el="141" ec="2" bec="0" bev="0" fileid="2" />
              </SequencePoints>
              <BranchPoints />
              <MethodPoint vc="8" uspid="0" p8:type="SequencePoint" ordinal="4" offset="4" sc="0" sl="129" ec="1" el="141" bec="0" bev="0" fileid="2" xmlns:p8="xsi" />
            </Method>
          </Methods>
        </Class>
        <Class>
          <Summary numSequencePoints="50" visitedSequencePoints="49" numBranchPoints="14" visitedBranchPoints="13" sequenceCoverage="98" branchCoverage="92.85" maxCyclomaticComplexity="14" minCyclomaticComplexity="14" visitedClasses="1" numClasses="1" visitedMethods="1" numMethods="1" />
          <FullName>Index5.Application.Services.BasketService/&lt;CreateAsync&gt;d__6</FullName>
          <Methods>
            <Method cyclomaticComplexity="14" nPathComplexity="14" sequenceCoverage="98" branchCoverage="92.85" isConstructor="False" isGetter="False" isSetter="False" isStatic="True">
              <Summary numSequencePoints="50" visitedSequencePoints="49" numBranchPoints="14" visitedBranchPoints="13" sequenceCoverage="98" branchCoverage="92.85" maxCyclomaticComplexity="14" minCyclomaticComplexity="14" visitedClasses="0" numClasses="0" visitedMethods="1" numMethods="1" />
              <MetadataToken />
              <Name>System.Void Index5.Application.Services.BasketService/&lt;CreateAsync&gt;d__6::MoveNext()</Name>
              <FileRef uid="2" />
              <SequencePoints>
                <SequencePoint vc="4" uspid="31" ordinal="0" sl="31" sc="1" el="31" ec="2" bec="0" bev="0" fileid="2" />
                <SequencePoint vc="4" uspid="32" ordinal="1" sl="32" sc="1" el="32" ec="2" bec="2" bev="2" fileid="2" />
                <SequencePoint vc="2" uspid="33" ordinal="2" sl="33" sc="1" el="33" ec="2" bec="0" bev="0" fileid="2" />
                <SequencePoint vc="2" uspid="36" ordinal="3" sl="36" sc="1" el="36" ec="2" bec="2" bev="1" fileid="2" />
                <SequencePoint vc="0" uspid="37" ordinal="4" sl="37" sc="1" el="37" ec="2" bec="0" bev="0" fileid="2" />
                <SequencePoint vc="2" uspid="39" ordinal="5" sl="39" sc="1" el="39" ec="2" bec="0" bev="0" fileid="2" />
                <SequencePoint vc="2" uspid="40" ordinal="6" sl="40" sc="1" el="40" ec="2" bec="0" bev="0" fileid="2" />
                <SequencePoint vc="2" uspid="41" ordinal="7" sl="41" sc="1" el="41" ec="2" bec="0" bev="0" fileid="2" />
                <SequencePoint vc="2" uspid="43" ordinal="8" sl="43" sc="1" el="43" ec="2" bec="2" bev="2" fileid="2" />
                <SequencePoint vc="1" uspid="44" ordinal="9" sl="44" sc="1" el="44" ec="2" bec="0" bev="0" fileid="2" />
                <SequencePoint vc="1" uspid="45" ordinal="10" sl="45" sc="1" el="45" ec="2" bec="0" bev="0" fileid="2" />
                <SequencePoint vc="1" uspid="46" ordinal="11" sl="46" sc="1" el="46" ec="2" bec="0" bev="0" fileid="2" />
                <SequencePoint vc="1" uspid="47" ordinal="12" sl="47" sc="1" el="47" ec="2" bec="0" bev="0" fileid="2" />
                <SequencePoint vc="1" uspid="48" ordinal="13" sl="48" sc="1" el="48" ec="2" bec="0" bev="0" fileid="2" />
                <SequencePoint vc="1" uspid="49" ordinal="14" sl="49" sc="1" el="49" ec="2" bec="0" bev="0" fileid="2" />
                <SequencePoint vc="1" uspid="50" ordinal="15" sl="50" sc="1" el="50" ec="2" bec="0" bev="0" fileid="2" />
                <SequencePoint vc="1" uspid="52" ordinal="16" sl="52" sc="1" el="52" ec="2" bec="0" bev="0" fileid="2" />
                <SequencePoint vc="1" uspid="53" ordinal="17" sl="53" sc="1" el="53" ec="2" bec="0" bev="0" fileid="2" />
                <SequencePoint vc="1" uspid="54" ordinal="18" sl="54" sc="1" el="54" ec="2" bec="0" bev="0" fileid="2" />
                <SequencePoint vc="1" uspid="55" ordinal="19" sl="55" sc="1" el="55" ec="2" bec="0" bev="0" fileid="2" />
                <SequencePoint vc="2" uspid="63" ordinal="20" sl="63" sc="1" el="63" ec="2" bec="0" bev="0" fileid="2" />
                <SequencePoint vc="2" uspid="64" ordinal="21" sl="64" sc="1" el="64" ec="2" bec="0" bev="0" fileid="2" />
                <SequencePoint vc="2" uspid="65" ordinal="22" sl="65" sc="1" el="65" ec="2" bec="0" bev="0" fileid="2" />
                <SequencePoint vc="2" uspid="66" ordinal="23" sl="66" sc="1" el="66" ec="2" bec="0" bev="0" fileid="2" />
                <SequencePoint vc="2" uspid="67" ordinal="24" sl="67" sc="1" el="67" ec="2" bec="0" bev="0" fileid="2" />
                <SequencePoint vc="2" uspid="68" ordinal="25" sl="68" sc="1" el="68" ec="2" bec="0" bev="0" fileid="2" />
                <SequencePoint vc="2" uspid="69" ordinal="26" sl="69" sc="1" el="69" ec="2" bec="0" bev="0" fileid="2" />
                <SequencePoint vc="2" uspid="71" ordinal="27" sl="71" sc="1" el="71" ec="2" bec="0" bev="0" fileid="2" />
                <SequencePoint vc="2" uspid="73" ordinal="28" sl="73" sc="1" el="73" ec="2" bec="2" bev="2" fileid="2" />
                <SequencePoint vc="1" uspid="74" ordinal="29" sl="74" sc="1" el="74" ec="2" bec="0" bev="0" fileid="2" />
                <SequencePoint vc="1" uspid="75" ordinal="30" sl="75" sc="1" el="75" ec="2" bec="0" bev="0" fileid="2" />
                <SequencePoint vc="1" uspid="76" ordinal="31" sl="76" sc="1" el="76" ec="2" bec="0" bev="0" fileid="2" />
                <SequencePoint vc="1" uspid="77" ordinal="32" sl="77" sc="1" el="77" ec="2" bec="0" bev="0" fileid="2" />
                <SequencePoint vc="1" uspid="79" ordinal="33" sl="79" sc="1" el="79" ec="2" bec="0" bev="0" fileid="2" />
                <SequencePoint vc="2" uspid="81" ordinal="34" sl="81" sc="1" el="81" ec="2" bec="0" bev="0" fileid="2" />
                <SequencePoint vc="2" uspid="83" ordinal="35" sl="83" sc="1" el="83" ec="2" bec="6" bev="6" fileid="2" />
                <SequencePoint vc="2" uspid="84" ordinal="36" sl="84" sc="1" el="84" ec="2" bec="0" bev="0" fileid="2" />
                <SequencePoint vc="2" uspid="85" ordinal="37" sl="85" sc="1" el="85" ec="2" bec="0" bev="0" fileid="2" />
                <SequencePoint vc="2" uspid="86" ordinal="38" sl="86" sc="1" el="86" ec="2" bec="0" bev="0" fileid="2" />
                <SequencePoint vc="2" uspid="87" ordinal="39" sl="87" sc="1" el="87" ec="2" bec="0" bev="0" fileid="2" />
                <SequencePoint vc="2" uspid="88" ordinal="40" sl="88" sc="1" el="88" ec="2" bec="0" bev="0" fileid="2" />
                <SequencePoint vc="2" uspid="94" ordinal="41" sl="94" sc="1" el="94" ec="2" bec="0" bev="0" fileid="2" />
                <SequencePoint vc="2" uspid="95" ordinal="42" sl="95" sc="1" el="95" ec="2" bec="0" bev="0" fileid="2" />
                <SequencePoint vc="2" uspid="96" ordinal="43" sl="96" sc="1" el="96" ec="2" bec="0" bev="0" fileid="2" />
                <SequencePoint vc="2" uspid="97" ordinal="44" sl="97" sc="1" el="97" ec="2" bec="0" bev="0" fileid="2" />
                <SequencePoint vc="2" uspid="98" ordinal="45" sl="98" sc="1" el="98" ec="2" bec="0" bev="0" fileid="2" />
                <SequencePoint vc="2" uspid="99" ordinal="46" sl="99" sc="1" el="99" ec="2" bec="0" bev="0" fileid="2" />
                <SequencePoint vc="2" uspid="100" ordinal="47" sl="100" sc="1" el="100" ec="2" bec="0" bev="0" fileid="2" />
                <SequencePoint vc="2" uspid="101" ordinal="48" sl="101" sc="1" el="101" ec="2" bec="0" bev="0" fileid="2" />
                <SequencePoint vc="2" uspid="102" ordinal="49" sl="102" sc="1" el="102" ec="2" bec="0" bev="0" fileid="2" />
              </SequencePoints>
              <BranchPoints>
                <BranchPoint vc="2" uspid="32" ordinal="0" path="0" offset="76" offsetend="78" sl="32" fileid="2" />
                <BranchPoint vc="2" uspid="32" ordinal="1" path="1" offset="76" offsetend="89" sl="32" fileid="2" />
                <BranchPoint vc="0" uspid="36" ordinal="2" path="0" offset="162" offsetend="164" sl="36" fileid="2" />
                <BranchPoint vc="2" uspid="36" ordinal="3" path="1" offset="162" offsetend="175" sl="36" fileid="2" />
                <BranchPoint vc="1" uspid="43" ordinal="4" path="0" offset="336" offsetend="338" sl="43" fileid="2" />
                <BranchPoint vc="2" uspid="43" ordinal="5" path="1" offset="336" offsetend="463" sl="43" fileid="2" />
                <BranchPoint vc="1" uspid="73" ordinal="6" path="0" offset="712" offsetend="717" sl="73" fileid="2" />
                <BranchPoint vc="2" uspid="73" ordinal="7" path="1" offset="712" offsetend="882" sl="73" fileid="2" />
                <BranchPoint vc="1" uspid="83" ordinal="8" path="0" offset="1155" offsetend="1157" sl="83" fileid="2" />
                <BranchPoint vc="1" uspid="83" ordinal="9" path="1" offset="1155" offsetend="1161" sl="83" fileid="2" />
                <BranchPoint vc="1" uspid="83" ordinal="10" path="0" offset="1180" offsetend="1182" sl="83" fileid="2" />
                <BranchPoint vc="1" uspid="83" ordinal="11" path="1" offset="1180" offsetend="1186" sl="83" fileid="2" />
                <BranchPoint vc="1" uspid="83" ordinal="12" path="0" offset="1204" offsetend="1206" sl="83" fileid="2" />
                <BranchPoint vc="1" uspid="83" ordinal="13" path="1" offset="1204" offsetend="1213" sl="83" fileid="2" />
              </BranchPoints>
              <MethodPoint vc="49" uspid="0" p8:type="SequencePoint" ordinal="0" offset="0" sc="0" sl="31" ec="1" el="102" bec="0" bev="0" fileid="2" xmlns:p8="xsi" />
            </Method>
          </Methods>
        </Class>
        <Class>
          <Summary numSequencePoints="11" visitedSequencePoints="4" numBranchPoints="2" visitedBranchPoints="1" sequenceCoverage="36.36" branchCoverage="50" maxCyclomaticComplexity="2" minCyclomaticComplexity="2" visitedClasses="1" numClasses="1" visitedMethods="1" numMethods="1" />
          <FullName>Index5.Application.Services.BasketService/&lt;GetActiveAsync&gt;d__7</FullName>
          <Methods>
            <Method cyclomaticComplexity="2" nPathComplexity="2" sequenceCoverage="36.36" branchCoverage="50" isConstructor="False" isGetter="False" isSetter="False" isStatic="True">
              <Summary numSequencePoints="11" visitedSequencePoints="4" numBranchPoints="2" visitedBranchPoints="1" sequenceCoverage="36.36" branchCoverage="50" maxCyclomaticComplexity="2" minCyclomaticComplexity="2" visitedClasses="0" numClasses="0" visitedMethods="1" numMethods="1" />
              <MetadataToken />
              <Name>System.Void Index5.Application.Services.BasketService/&lt;GetActiveAsync&gt;d__7::MoveNext()</Name>
              <FileRef uid="2" />
              <SequencePoints>
                <SequencePoint vc="1" uspid="105" ordinal="0" sl="105" sc="1" el="105" ec="2" bec="0" bev="0" fileid="2" />
                <SequencePoint vc="1" uspid="106" ordinal="1" sl="106" sc="1" el="106" ec="2" bec="0" bev="0" fileid="2" />
                <SequencePoint vc="2" uspid="107" ordinal="2" sl="107" sc="1" el="107" ec="2" bec="2" bev="1" fileid="2" />
                <SequencePoint vc="0" uspid="109" ordinal="3" sl="109" sc="1" el="109" ec="2" bec="0" bev="0" fileid="2" />
                <SequencePoint vc="0" uspid="110" ordinal="4" sl="110" sc="1" el="110" ec="2" bec="0" bev="0" fileid="2" />
                <SequencePoint vc="0" uspid="111" ordinal="5" sl="111" sc="1" el="111" ec="2" bec="0" bev="0" fileid="2" />
                <SequencePoint vc="0" uspid="112" ordinal="6" sl="112" sc="1" el="112" ec="2" bec="0" bev="0" fileid="2" />
                <SequencePoint vc="0" uspid="113" ordinal="7" sl="113" sc="1" el="113" ec="2" bec="0" bev="0" fileid="2" />
                <SequencePoint vc="0" uspid="114" ordinal="8" sl="114" sc="1" el="114" ec="2" bec="0" bev="0" fileid="2" />
                <SequencePoint vc="0" uspid="120" ordinal="9" sl="120" sc="1" el="120" ec="2" bec="0" bev="0" fileid="2" />
                <SequencePoint vc="1" uspid="121" ordinal="10" sl="121" sc="1" el="121" ec="2" bec="0" bev="0" fileid="2" />
              </SequencePoints>
              <BranchPoints>
                <BranchPoint vc="1" uspid="107" ordinal="0" path="0" offset="158" offsetend="160" sl="107" fileid="2" />
                <BranchPoint vc="0" uspid="107" ordinal="1" path="1" offset="158" offsetend="167" sl="107" fileid="2" />
              </BranchPoints>
              <MethodPoint vc="4" uspid="0" p8:type="SequencePoint" ordinal="0" offset="0" sc="0" sl="105" ec="1" el="121" bec="0" bev="0" fileid="2" xmlns:p8="xsi" />
            </Method>
          </Methods>
        </Class>
        <Class>
          <Summary numSequencePoints="6" visitedSequencePoints="6" numBranchPoints="0" visitedBranchPoints="0" sequenceCoverage="100" branchCoverage="100" maxCyclomaticComplexity="1" minCyclomaticComplexity="1" visitedClasses="1" numClasses="1" visitedMethods="1" numMethods="1" />
          <FullName>Index5.Application.Services.BasketService/&lt;GetHistoryAsync&gt;d__8</FullName>
          <Methods>
            <Method cyclomaticComplexity="1" nPathComplexity="1" sequenceCoverage="100" branchCoverage="100" isConstructor="False" isGetter="False" isSetter="False" isStatic="True">
              <Summary numSequencePoints="6" visitedSequencePoints="6" numBranchPoints="0" visitedBranchPoints="0" sequenceCoverage="100" branchCoverage="100" maxCyclomaticComplexity="1" minCyclomaticComplexity="1" visitedClasses="0" numClasses="0" visitedMethods="1" numMethods="1" />
              <MetadataToken />
              <Name>System.Void Index5.Application.Services.BasketService/&lt;GetHistoryAsync&gt;d__8::MoveNext()</Name>
              <FileRef uid="2" />
              <SequencePoints>
                <SequencePoint vc="1" uspid="124" ordinal="0" sl="124" sc="1" el="124" ec="2" bec="0" bev="0" fileid="2" />
                <SequencePoint vc="1" uspid="125" ordinal="1" sl="125" sc="1" el="125" ec="2" bec="0" bev="0" fileid="2" />
                <SequencePoint vc="1" uspid="127" ordinal="2" sl="127" sc="1" el="127" ec="2" bec="0" bev="0" fileid="2" />
                <SequencePoint vc="1" uspid="128" ordinal="3" sl="128" sc="1" el="128" ec="2" bec="0" bev="0" fileid="2" />
                <SequencePoint vc="1" uspid="142" ordinal="4" sl="142" sc="1" el="142" ec="2" bec="0" bev="0" fileid="2" />
                <SequencePoint vc="1" uspid="143" ordinal="5" sl="143" sc="1" el="143" ec="2" bec="0" bev="0" fileid="2" />
              </SequencePoints>
              <BranchPoints />
              <MethodPoint vc="6" uspid="0" p8:type="SequencePoint" ordinal="0" offset="0" sc="0" sl="124" ec="1" el="143" bec="0" bev="0" fileid="2" xmlns:p8="xsi" />
            </Method>
          </Methods>
        </Class>
        <Class>
          <Summary numSequencePoints="7" visitedSequencePoints="7" numBranchPoints="0" visitedBranchPoints="0" sequenceCoverage="100" branchCoverage="100" maxCyclomaticComplexity="1" minCyclomaticComplexity="1" visitedClasses="1" numClasses="1" visitedMethods="1" numMethods="1" />
          <FullName>Index5.Application.Services.ClientService</FullName>
          <Methods>
            <Method cyclomaticComplexity="1" nPathComplexity="1" sequenceCoverage="100" branchCoverage="100" isConstructor="True" isGetter="False" isSetter="False" isStatic="True">
              <Summary numSequencePoints="7" visitedSequencePoints="7" numBranchPoints="0" visitedBranchPoints="0" sequenceCoverage="100" branchCoverage="100" maxCyclomaticComplexity="1" minCyclomaticComplexity="1" visitedClasses="0" numClasses="0" visitedMethods="1" numMethods="1" />
              <MetadataToken />
              <Name>System.Void Index5.Application.Services.ClientService::.ctor(Index5.Domain.Interfaces.IClientRepository,Index5.Domain.Interfaces.IUserRepository,Index5.Domain.Interfaces.ICustodyRepository,Index5.Domain.Interfaces.IUnitOfWork)</Name>
              <FileRef uid="3" />
              <SequencePoints>
                <SequencePoint vc="15" uspid="14" ordinal="0" sl="14" sc="1" el="14" ec="2" bec="0" bev="0" fileid="3" />
                <SequencePoint vc="15" uspid="15" ordinal="1" sl="15" sc="1" el="15" ec="2" bec="0" bev="0" fileid="3" />
                <SequencePoint vc="15" uspid="16" ordinal="2" sl="16" sc="1" el="16" ec="2" bec="0" bev="0" fileid="3" />
                <SequencePoint vc="15" uspid="17" ordinal="3" sl="17" sc="1" el="17" ec="2" bec="0" bev="0" fileid="3" />
                <SequencePoint vc="15" uspid="18" ordinal="4" sl="18" sc="1" el="18" ec="2" bec="0" bev="0" fileid="3" />
                <SequencePoint vc="15" uspid="19" ordinal="5" sl="19" sc="1" el="19" ec="2" bec="0" bev="0" fileid="3" />
                <SequencePoint vc="15" uspid="20" ordinal="6" sl="20" sc="1" el="20" ec="2" bec="0" bev="0" fileid="3" />
              </SequencePoints>
              <BranchPoints />
              <MethodPoint vc="7" uspid="0" p8:type="SequencePoint" ordinal="0" offset="0" sc="0" sl="14" ec="1" el="20" bec="0" bev="0" fileid="3" xmlns:p8="xsi" />
            </Method>
          </Methods>
        </Class>
        <Class>
          <Summary numSequencePoints="55" visitedSequencePoints="35" numBranchPoints="8" visitedBranchPoints="3" sequenceCoverage="63.63" branchCoverage="37.5" maxCyclomaticComplexity="4" minCyclomaticComplexity="1" visitedClasses="1" numClasses="1" visitedMethods="13" numMethods="16" />
          <FullName>Index5.Application.Services.ClientService/&lt;&gt;c</FullName>
          <Methods>
            <Method cyclomaticComplexity="1" nPathComplexity="1" sequenceCoverage="100" branchCoverage="100" isConstructor="False" isGetter="False" isSetter="False" isStatic="True">
              <Summary numSequencePoints="9" visitedSequencePoints="9" numBranchPoints="0" visitedBranchPoints="0" sequenceCoverage="100" branchCoverage="100" maxCyclomaticComplexity="1" minCyclomaticComplexity="1" visitedClasses="0" numClasses="0" visitedMethods="1" numMethods="1" />
              <MetadataToken />
              <Name>Index5.Application.DTOs.PendingClientDto Index5.Application.Services.ClientService/&lt;&gt;c::&lt;GetPendingClientsAsync&gt;b__7_0(Index5.Domain.Entities.Client)</Name>
              <FileRef uid="3" />
              <SequencePoints>
                <SequencePoint vc="2" uspid="123" ordinal="0" sl="123" sc="1" el="123" ec="2" bec="0" bev="0" fileid="3" />
                <SequencePoint vc="2" uspid="124" ordinal="1" sl="124" sc="1" el="124" ec="2" bec="0" bev="0" fileid="3" />
                <SequencePoint vc="2" uspid="125" ordinal="2" sl="125" sc="1" el="125" ec="2" bec="0" bev="0" fileid="3" />
                <SequencePoint vc="2" uspid="126" ordinal="3" sl="126" sc="1" el="126" ec="2" bec="0" bev="0" fileid="3" />
                <SequencePoint vc="2" uspid="127" ordinal="4" sl="127" sc="1" el="127" ec="2" bec="0" bev="0" fileid="3" />
                <SequencePoint vc="2" uspid="128" ordinal="5" sl="128" sc="1" el="128" ec="2" bec="0" bev="0" fileid="3" />
                <SequencePoint vc="2" uspid="129" ordinal="6" sl="129" sc="1" el="129" ec="2" bec="0" bev="0" fileid="3" />
                <SequencePoint vc="2" uspid="130" ordinal="7" sl="130" sc="1" el="130" ec="2" bec="0" bev="0" fileid="3" />
                <SequencePoint vc="2" uspid="131" ordinal="8" sl="131" sc="1" el="131" ec="2" bec="0" bev="0" fileid="3" />
              </SequencePoints>
              <BranchPoints />
              <MethodPoint vc="9" uspid="0" p8:type="SequencePoint" ordinal="0" offset="0" sc="0" sl="123" ec="1" el="131" bec="0" bev="0" fileid="3" xmlns:p8="xsi" />
            </Method>
            <Method cyclomaticComplexity="1" nPathComplexity="1" sequenceCoverage="0" branchCoverage="100" isConstructor="False" isGetter="False" isSetter="False" isStatic="True">
              <Summary numSequencePoints="9" visitedSequencePoints="0" numBranchPoints="0" visitedBranchPoints="0" sequenceCoverage="0" branchCoverage="100" maxCyclomaticComplexity="1" minCyclomaticComplexity="1" visitedClasses="0" numClasses="0" visitedMethods="0" numMethods="1" />
              <MetadataToken />
              <Name>Index5.Application.DTOs.PendingClientDto Index5.Application.Services.ClientService/&lt;&gt;c::&lt;GetFilteredPendingClientsAsync&gt;b__8_0(Index5.Domain.Entities.Client)</Name>
              <FileRef uid="3" />
              <SequencePoints>
                <SequencePoint vc="0" uspid="140" ordinal="0" sl="140" sc="1" el="140" ec="2" bec="0" bev="0" fileid="3" />
                <SequencePoint vc="0" uspid="141" ordinal="1" sl="141" sc="1" el="141" ec="2" bec="0" bev="0" fileid="3" />
                <SequencePoint vc="0" uspid="142" ordinal="2" sl="142" sc="1" el="142" ec="2" bec="0" bev="0" fileid="3" />
                <SequencePoint vc="0" uspid="143" ordinal="3" sl="143" sc="1" el="143" ec="2" bec="0" bev="0" fileid="3" />
                <SequencePoint vc="0" uspid="144" ordinal="4" sl="144" sc="1" el="144" ec="2" bec="0" bev="0" fileid="3" />
                <SequencePoint vc="0" uspid="145" ordinal="5" sl="145" sc="1" el="145" ec="2" bec="0" bev="0" fileid="3" />
                <SequencePoint vc="0" uspid="146" ordinal="6" sl="146" sc="1" el="146" ec="2" bec="0" bev="0" fileid="3" />
                <SequencePoint vc="0" uspid="147" ordinal="7" sl="147" sc="1" el="147" ec="2" bec="0" bev="0" fileid="3" />
                <SequencePoint vc="0" uspid="148" ordinal="8" sl="148" sc="1" el="148" ec="2" bec="0" bev="0" fileid="3" />
              </SequencePoints>
              <BranchPoints />
              <MethodPoint vc="0" uspid="0" p8:type="SequencePoint" ordinal="1" offset="1" sc="0" sl="140" ec="1" el="148" bec="0" bev="0" fileid="3" xmlns:p8="xsi" />
            </Method>
            <Method cyclomaticComplexity="4" nPathComplexity="4" sequenceCoverage="0" branchCoverage="0" isConstructor="False" isGetter="False" isSetter="False" isStatic="True">
              <Summary numSequencePoints="10" visitedSequencePoints="0" numBranchPoints="4" visitedBranchPoints="0" sequenceCoverage="0" branchCoverage="0" maxCyclomaticComplexity="4" minCyclomaticComplexity="4" visitedClasses="0" numClasses="0" visitedMethods="0" numMethods="1" />
              <MetadataToken />
              <Name>Index5.Application.DTOs.ActiveClientDto Index5.Application.Services.ClientService/&lt;&gt;c::&lt;GetActiveClientsAsync&gt;b__9_0(Index5.Domain.Entities.Client)</Name>
              <FileRef uid="3" />
              <SequencePoints>
                <SequencePoint vc="0" uspid="158" ordinal="0" sl="158" sc="1" el="158" ec="2" bec="4" bev="0" fileid="3" />
                <SequencePoint vc="0" uspid="159" ordinal="1" sl="159" sc="1" el="159" ec="2" bec="0" bev="0" fileid="3" />
                <SequencePoint vc="0" uspid="160" ordinal="2" sl="160" sc="1" el="160" ec="2" bec="0" bev="0" fileid="3" />
                <SequencePoint vc="0" uspid="161" ordinal="3" sl="161" sc="1" el="161" ec="2" bec="0" bev="0" fileid="3" />
                <SequencePoint vc="0" uspid="162" ordinal="4" sl="162" sc="1" el="162" ec="2" bec="0" bev="0" fileid="3" />
                <SequencePoint vc="0" uspid="163" ordinal="5" sl="163" sc="1" el="163" ec="2" bec="0" bev="0" fileid="3" />
                <SequencePoint vc="0" uspid="164" ordinal="6" sl="164" sc="1" el="164" ec="2" bec="0" bev="0" fileid="3" />
                <SequencePoint vc="0" uspid="165" ordinal="7" sl="165" sc="1" el="165" ec="2" bec="0" bev="0" fileid="3" />
                <SequencePoint vc="0" uspid="166" ordinal="8" sl="166" sc="1" el="166" ec="2" bec="0" bev="0" fileid="3" />
                <SequencePoint vc="0" uspid="167" ordinal="9" sl="167" sc="1" el="167" ec="2" bec="0" bev="0" fileid="3" />
              </SequencePoints>
              <BranchPoints>
                <BranchPoint vc="0" uspid="158" ordinal="0" path="0" offset="78" offsetend="80" sl="158" fileid="3" />
                <BranchPoint vc="0" uspid="158" ordinal="1" path="1" offset="78" offsetend="84" sl="158" fileid="3" />
                <BranchPoint vc="0" uspid="158" ordinal="2" path="0" offset="90" offsetend="92" sl="158" fileid="3" />
                <BranchPoint vc="0" uspid="158" ordinal="3" path="1" offset="90" offsetend="98" sl="158" fileid="3" />
              </BranchPoints>
              <MethodPoint vc="0" uspid="0" p8:type="SequencePoint" ordinal="2" offset="2" sc="0" sl="158" ec="1" el="167" bec="0" bev="0" fileid="3" xmlns:p8="xsi" />
            </Method>
            <Method cyclomaticComplexity="4" nPathComplexity="4" sequenceCoverage="100" branchCoverage="75" isConstructor="False" isGetter="False" isSetter="False" isStatic="True">
              <Summary numSequencePoints="10" visitedSequencePoints="10" numBranchPoints="4" visitedBranchPoints="3" sequenceCoverage="100" branchCoverage="75" maxCyclomaticComplexity="4" minCyclomaticComplexity="4" visitedClasses="0" numClasses="0" visitedMethods="1" numMethods="1" />
              <MetadataToken />
              <Name>Index5.Application.DTOs.ActiveClientDto Index5.Application.Services.ClientService/&lt;&gt;c::&lt;GetPagedActiveClientsAsync&gt;b__10_0(Index5.Domain.Entities.Client)</Name>
              <FileRef uid="3" />
              <SequencePoints>
                <SequencePoint vc="1" uspid="176" ordinal="0" sl="176" sc="1" el="176" ec="2" bec="4" bev="3" fileid="3" />
                <SequencePoint vc="1" uspid="177" ordinal="1" sl="177" sc="1" el="177" ec="2" bec="0" bev="0" fileid="3" />
                <SequencePoint vc="1" uspid="178" ordinal="2" sl="178" sc="1" el="178" ec="2" bec="0" bev="0" fileid="3" />
                <SequencePoint vc="1" uspid="179" ordinal="3" sl="179" sc="1" el="179" ec="2" bec="0" bev="0" fileid="3" />
                <SequencePoint vc="1" uspid="180" ordinal="4" sl="180" sc="1" el="180" ec="2" bec="0" bev="0" fileid="3" />
                <SequencePoint vc="1" uspid="181" ordinal="5" sl="181" sc="1" el="181" ec="2" bec="0" bev="0" fileid="3" />
                <SequencePoint vc="1" uspid="182" ordinal="6" sl="182" sc="1" el="182" ec="2" bec="0" bev="0" fileid="3" />
                <SequencePoint vc="1" uspid="183" ordinal="7" sl="183" sc="1" el="183" ec="2" bec="0" bev="0" fileid="3" />
                <SequencePoint vc="1" uspid="184" ordinal="8" sl="184" sc="1" el="184" ec="2" bec="0" bev="0" fileid="3" />
                <SequencePoint vc="1" uspid="185" ordinal="9" sl="185" sc="1" el="185" ec="2" bec="0" bev="0" fileid="3" />
              </SequencePoints>
              <BranchPoints>
                <BranchPoint vc="1" uspid="176" ordinal="0" path="0" offset="78" offsetend="80" sl="176" fileid="3" />
                <BranchPoint vc="0" uspid="176" ordinal="1" path="1" offset="78" offsetend="84" sl="176" fileid="3" />
                <BranchPoint vc="1" uspid="176" ordinal="2" path="0" offset="90" offsetend="92" sl="176" fileid="3" />
                <BranchPoint vc="1" uspid="176" ordinal="3" path="1" offset="90" offsetend="98" sl="176" fileid="3" />
              </BranchPoints>
              <MethodPoint vc="10" uspid="0" p8:type="SequencePoint" ordinal="3" offset="3" sc="0" sl="176" ec="1" el="185" bec="0" bev="0" fileid="3" xmlns:p8="xsi" />
            </Method>
            <Method cyclomaticComplexity="1" nPathComplexity="1" sequenceCoverage="100" branchCoverage="100" isConstructor="False" isGetter="False" isSetter="False" isStatic="True">
              <Summary numSequencePoints="1" visitedSequencePoints="1" numBranchPoints="0" visitedBranchPoints="0" sequenceCoverage="100" branchCoverage="100" maxCyclomaticComplexity="1" minCyclomaticComplexity="1" visitedClasses="0" numClasses="0" visitedMethods="1" numMethods="1" />
              <MetadataToken />
              <Name>System.Decimal Index5.Application.Services.ClientService/&lt;&gt;c::&lt;GetPortfolioAsync&gt;b__16_1(Index5.Application.DTOs.PortfolioAssetDto)</Name>
              <FileRef uid="3" />
              <SequencePoints>
                <SequencePoint vc="3" uspid="356" ordinal="0" sl="356" sc="1" el="356" ec="2" bec="0" bev="0" fileid="3" />
              </SequencePoints>
              <BranchPoints />
              <MethodPoint vc="1" uspid="0" p8:type="SequencePoint" ordinal="4" offset="4" sc="0" sl="356" ec="1" el="356" bec="0" bev="0" fileid="3" xmlns:p8="xsi" />
            </Method>
            <Method cyclomaticComplexity="1" nPathComplexity="1" sequenceCoverage="100" branchCoverage="100" isConstructor="False" isGetter="False" isSetter="False" isStatic="True">
              <Summary numSequencePoints="1" visitedSequencePoints="1" numBranchPoints="0" visitedBranchPoints="0" sequenceCoverage="100" branchCoverage="100" maxCyclomaticComplexity="1" minCyclomaticComplexity="1" visitedClasses="0" numClasses="0" visitedMethods="1" numMethods="1" />
              <MetadataToken />
              <Name>System.Decimal Index5.Application.Services.ClientService/&lt;&gt;c::&lt;GetPortfolioAsync&gt;b__16_2(Index5.Domain.Entities.ChildCustody)</Name>
              <FileRef uid="3" />
              <SequencePoints>
                <SequencePoint vc="3" uspid="357" ordinal="0" sl="357" sc="1" el="357" ec="2" bec="0" bev="0" fileid="3" />
              </SequencePoints>
              <BranchPoints />
              <MethodPoint vc="1" uspid="0" p8:type="SequencePoint" ordinal="5" offset="5" sc="0" sl="357" ec="1" el="357" bec="0" bev="0" fileid="3" xmlns:p8="xsi" />
            </Method>
            <Method cyclomaticComplexity="1" nPathComplexity="1" sequenceCoverage="100" branchCoverage="100" isConstructor="False" isGetter="False" isSetter="False" isStatic="True">
              <Summary numSequencePoints="1" visitedSequencePoints="1" numBranchPoints="0" visitedBranchPoints="0" sequenceCoverage="100" branchCoverage="100" maxCyclomaticComplexity="1" minCyclomaticComplexity="1" visitedClasses="0" numClasses="0" visitedMethods="1" numMethods="1" />
              <MetadataToken />
              <Name>System.Boolean Index5.Application.Services.ClientService/&lt;&gt;c::&lt;GetProfitabilityAsync&gt;b__17_0(Index5.Domain.Entities.OperationHistory)</Name>
              <FileRef uid="3" />
              <SequencePoints>
                <SequencePoint vc="1" uspid="395" ordinal="0" sl="395" sc="1" el="395" ec="2" bec="0" bev="0" fileid="3" />
              </SequencePoints>
              <BranchPoints />
              <MethodPoint vc="1" uspid="0" p8:type="SequencePoint" ordinal="6" offset="6" sc="0" sl="395" ec="1" el="395" bec="0" bev="0" fileid="3" xmlns:p8="xsi" />
            </Method>
            <Method cyclomaticComplexity="1" nPathComplexity="1" sequenceCoverage="100" branchCoverage="100" isConstructor="False" isGetter="False" isSetter="False" isStatic="True">
              <Summary numSequencePoints="1" visitedSequencePoints="1" numBranchPoints="0" visitedBranchPoints="0" sequenceCoverage="100" branchCoverage="100" maxCyclomaticComplexity="1" minCyclomaticComplexity="1" visitedClasses="0" numClasses="0" visitedMethods="1" numMethods="1" />
              <MetadataToken />
              <Name>System.DateTime Index5.Application.Services.ClientService/&lt;&gt;c::&lt;GetProfitabilityAsync&gt;b__17_1(Index5.Domain.Entities.OperationHistory)</Name>
              <FileRef uid="3" />
              <SequencePoints>
                <SequencePoint vc="1" uspid="396" ordinal="0" sl="396" sc="1" el="396" ec="2" bec="0" bev="0" fileid="3" />
              </SequencePoints>
              <BranchPoints />
              <MethodPoint vc="1" uspid="0" p8:type="SequencePoint" ordinal="7" offset="7" sc="0" sl="396" ec="1" el="396" bec="0" bev="0" fileid="3" xmlns:p8="xsi" />
            </Method>
            <Method cyclomaticComplexity="1" nPathComplexity="1" sequenceCoverage="100" branchCoverage="100" isConstructor="False" isGetter="False" isSetter="False" isStatic="True">
              <Summary numSequencePoints="1" visitedSequencePoints="1" numBranchPoints="0" visitedBranchPoints="0" sequenceCoverage="100" branchCoverage="100" maxCyclomaticComplexity="1" minCyclomaticComplexity="1" visitedClasses="0" numClasses="0" visitedMethods="1" numMethods="1" />
              <MetadataToken />
              <Name>System.DateTime Index5.Application.Services.ClientService/&lt;&gt;c::&lt;GetProfitabilityAsync&gt;b__17_2(System.Linq.IGrouping`2&lt;System.DateTime,Index5.Domain.Entities.OperationHistory&gt;)</Name>
              <FileRef uid="3" />
              <SequencePoints>
                <SequencePoint vc="1" uspid="397" ordinal="0" sl="397" sc="1" el="397" ec="2" bec="0" bev="0" fileid="3" />
              </SequencePoints>
              <BranchPoints />
              <MethodPoint vc="1" uspid="0" p8:type="SequencePoint" ordinal="8" offset="8" sc="0" sl="397" ec="1" el="397" bec="0" bev="0" fileid="3" xmlns:p8="xsi" />
            </Method>
            <Method cyclomaticComplexity="1" nPathComplexity="1" sequenceCoverage="100" branchCoverage="100" isConstructor="False" isGetter="False" isSetter="False" isStatic="True">
              <Summary numSequencePoints="6" visitedSequencePoints="6" numBranchPoints="0" visitedBranchPoints="0" sequenceCoverage="100" branchCoverage="100" maxCyclomaticComplexity="1" minCyclomaticComplexity="1" visitedClasses="0" numClasses="0" visitedMethods="1" numMethods="1" />
              <MetadataToken />
              <Name>Index5.Application.DTOs.ContributionHistoryDto Index5.Application.Services.ClientService/&lt;&gt;c::&lt;GetProfitabilityAsync&gt;b__17_3(System.Linq.IGrouping`2&lt;System.DateTime,Index5.Domain.Entities.OperationHistory&gt;)</Name>
              <FileRef uid="3" />
              <SequencePoints>
                <SequencePoint vc="2" uspid="398" ordinal="0" sl="398" sc="1" el="398" ec="2" bec="0" bev="0" fileid="3" />
                <SequencePoint vc="2" uspid="399" ordinal="1" sl="399" sc="1" el="399" ec="2" bec="0" bev="0" fileid="3" />
                <SequencePoint vc="2" uspid="400" ordinal="2" sl="400" sc="1" el="400" ec="2" bec="0" bev="0" fileid="3" />
                <SequencePoint vc="1" uspid="401" ordinal="3" sl="401" sc="1" el="401" ec="2" bec="0" bev="0" fileid="3" />
                <SequencePoint vc="2" uspid="402" ordinal="4" sl="402" sc="1" el="402" ec="2" bec="0" bev="0" fileid="3" />
                <SequencePoint vc="2" uspid="403" ordinal="5" sl="403" sc="1" el="403" ec="2" bec="0" bev="0" fileid="3" />
              </SequencePoints>
              <BranchPoints />
              <MethodPoint vc="6" uspid="0" p8:type="SequencePoint" ordinal="9" offset="9" sc="0" sl="398" ec="1" el="403" bec="0" bev="0" fileid="3" xmlns:p8="xsi" />
            </Method>
            <Method cyclomaticComplexity="1" nPathComplexity="1" sequenceCoverage="100" branchCoverage="100" isConstructor="False" isGetter="False" isSetter="False" isStatic="True">
              <Summary numSequencePoints="1" visitedSequencePoints="1" numBranchPoints="0" visitedBranchPoints="0" sequenceCoverage="100" branchCoverage="100" maxCyclomaticComplexity="1" minCyclomaticComplexity="1" visitedClasses="0" numClasses="0" visitedMethods="1" numMethods="1" />
              <MetadataToken />
              <Name>System.DateTime Index5.Application.Services.ClientService/&lt;&gt;c::&lt;GetProfitabilityAsync&gt;b__17_4(Index5.Domain.Entities.OperationHistory)</Name>
              <FileRef uid="3" />
              <SequencePoints>
                <SequencePoint vc="1" uspid="406" ordinal="0" sl="406" sc="1" el="406" ec="2" bec="0" bev="0" fileid="3" />
              </SequencePoints>
              <BranchPoints />
              <MethodPoint vc="1" uspid="0" p8:type="SequencePoint" ordinal="10" offset="10" sc="0" sl="406" ec="1" el="406" bec="0" bev="0" fileid="3" xmlns:p8="xsi" />
            </Method>
            <Method cyclomaticComplexity="1" nPathComplexity="1" sequenceCoverage="100" branchCoverage="100" isConstructor="False" isGetter="False" isSetter="False" isStatic="True">
              <Summary numSequencePoints="1" visitedSequencePoints="1" numBranchPoints="0" visitedBranchPoints="0" sequenceCoverage="100" branchCoverage="100" maxCyclomaticComplexity="1" minCyclomaticComplexity="1" visitedClasses="0" numClasses="0" visitedMethods="1" numMethods="1" />
              <MetadataToken />
              <Name>System.DateTime Index5.Application.Services.ClientService/&lt;&gt;c::&lt;GetProfitabilityAsync&gt;b__17_5(System.Linq.IGrouping`2&lt;System.DateTime,Index5.Domain.Entities.OperationHistory&gt;)</Name>
              <FileRef uid="3" />
              <SequencePoints>
                <SequencePoint vc="1" uspid="407" ordinal="0" sl="407" sc="1" el="407" ec="2" bec="0" bev="0" fileid="3" />
              </SequencePoints>
              <BranchPoints />
              <MethodPoint vc="1" uspid="0" p8:type="SequencePoint" ordinal="11" offset="11" sc="0" sl="407" ec="1" el="407" bec="0" bev="0" fileid="3" xmlns:p8="xsi" />
            </Method>
            <Method cyclomaticComplexity="1" nPathComplexity="1" sequenceCoverage="100" branchCoverage="100" isConstructor="False" isGetter="False" isSetter="False" isStatic="True">
              <Summary numSequencePoints="1" visitedSequencePoints="1" numBranchPoints="0" visitedBranchPoints="0" sequenceCoverage="100" branchCoverage="100" maxCyclomaticComplexity="1" minCyclomaticComplexity="1" visitedClasses="0" numClasses="0" visitedMethods="1" numMethods="1" />
              <MetadataToken />
              <Name>System.Boolean Index5.Application.Services.ClientService/&lt;&gt;c::&lt;GetProfitabilityAsync&gt;b__17_9(Index5.Domain.Entities.OperationHistory)</Name>
              <FileRef uid="3" />
              <SequencePoints>
[...]
                <SequencePoint vc="1" uspid="10" ordinal="1" sl="10" sc="1" el="10" ec="2" bec="0" bev="0" fileid="29" />
                <SequencePoint vc="9" uspid="11" ordinal="2" sl="11" sc="1" el="11" ec="2" bec="2" bev="2" fileid="29" />
                <SequencePoint vc="3" uspid="12" ordinal="3" sl="12" sc="1" el="12" ec="2" bec="0" bev="0" fileid="29" />
                <SequencePoint vc="3" uspid="13" ordinal="4" sl="13" sc="1" el="13" ec="2" bec="0" bev="0" fileid="29" />
                <SequencePoint vc="4" uspid="14" ordinal="5" sl="14" sc="1" el="14" ec="2" bec="2" bev="2" fileid="29" />
                <SequencePoint vc="3" uspid="15" ordinal="6" sl="15" sc="1" el="15" ec="2" bec="0" bev="0" fileid="29" />
                <SequencePoint vc="1" uspid="16" ordinal="7" sl="16" sc="1" el="16" ec="2" bec="0" bev="0" fileid="29" />
                <SequencePoint vc="1" uspid="17" ordinal="8" sl="17" sc="1" el="17" ec="2" bec="0" bev="0" fileid="29" />
              </SequencePoints>
              <BranchPoints>
                <BranchPoint vc="3" uspid="11" ordinal="3" path="1" offset="63" offsetend="22" sl="11" fileid="29" />
                <BranchPoint vc="1" uspid="14" ordinal="0" path="0" offset="46" offsetend="48" sl="14" fileid="29" />
                <BranchPoint vc="3" uspid="14" ordinal="1" path="1" offset="46" offsetend="56" sl="14" fileid="29" />
                <BranchPoint vc="1" uspid="11" ordinal="2" path="0" offset="63" offsetend="65" sl="11" fileid="29" />
              </BranchPoints>
              <MethodPoint vc="9" uspid="0" p8:type="SequencePoint" ordinal="0" offset="0" sc="0" sl="9" ec="1" el="17" bec="0" bev="0" fileid="29" xmlns:p8="xsi" />
            </Method>
            <Method cyclomaticComplexity="18" nPathComplexity="18" sequenceCoverage="91.3" branchCoverage="77.77" isConstructor="False" isGetter="False" isSetter="False" isStatic="True">
              <Summary numSequencePoints="23" visitedSequencePoints="21" numBranchPoints="18" visitedBranchPoints="14" sequenceCoverage="91.3" branchCoverage="77.77" maxCyclomaticComplexity="18" minCyclomaticComplexity="18" visitedClasses="0" numClasses="0" visitedMethods="1" numMethods="1" />
              <MetadataToken />
              <Name>Index5.Domain.Entities.CotacaoB3 Index5.Infrastructure.Cotacoes.CotahistParser::GetClosingQuote(System.String,System.String)</Name>
              <FileRef uid="29" />
              <SequencePoints>
                <SequencePoint vc="2" uspid="20" ordinal="0" sl="20" sc="1" el="20" ec="2" bec="0" bev="0" fileid="29" />
                <SequencePoint vc="3" uspid="21" ordinal="1" sl="21" sc="1" el="21" ec="2" bec="2" bev="2" fileid="29" />
                <SequencePoint vc="1" uspid="23" ordinal="2" sl="23" sc="1" el="23" ec="2" bec="0" bev="0" fileid="29" />
                <SequencePoint vc="2" uspid="24" ordinal="3" sl="24" sc="1" el="24" ec="2" bec="0" bev="0" fileid="29" />
                <SequencePoint vc="1" uspid="25" ordinal="4" sl="25" sc="1" el="25" ec="2" bec="0" bev="0" fileid="29" />
                <SequencePoint vc="1" uspid="27" ordinal="5" sl="27" sc="1" el="27" ec="2" bec="0" bev="0" fileid="29" />
                <SequencePoint vc="4" uspid="29" ordinal="6" sl="29" sc="1" el="29" ec="2" bec="2" bev="1" fileid="29" />
                <SequencePoint vc="1" uspid="30" ordinal="7" sl="30" sc="1" el="30" ec="2" bec="0" bev="0" fileid="29" />
                <SequencePoint vc="9" uspid="31" ordinal="8" sl="31" sc="1" el="31" ec="2" bec="2" bev="2" fileid="29" />
                <SequencePoint vc="3" uspid="32" ordinal="9" sl="32" sc="1" el="32" ec="2" bec="0" bev="0" fileid="29" />
                <SequencePoint vc="3" uspid="33" ordinal="10" sl="33" sc="1" el="33" ec="2" bec="2" bev="2" fileid="29" />
                <SequencePoint vc="3" uspid="35" ordinal="11" sl="35" sc="1" el="35" ec="2" bec="0" bev="0" fileid="29" />
                <SequencePoint vc="5" uspid="36" ordinal="12" sl="36" sc="1" el="36" ec="2" bec="2" bev="2" fileid="29" />
                <SequencePoint vc="1" uspid="38" ordinal="13" sl="38" sc="1" el="38" ec="2" bec="0" bev="0" fileid="29" />
                <SequencePoint vc="1" uspid="39" ordinal="14" sl="39" sc="1" el="39" ec="2" bec="6" bev="4" fileid="29" />
                <SequencePoint vc="1" uspid="40" ordinal="15" sl="40" sc="1" el="40" ec="2" bec="0" bev="0" fileid="29" />
                <SequencePoint vc="1" uspid="41" ordinal="16" sl="41" sc="1" el="41" ec="2" bec="0" bev="0" fileid="29" />
                <SequencePoint vc="1" uspid="42" ordinal="17" sl="42" sc="1" el="42" ec="2" bec="0" bev="0" fileid="29" />
                <SequencePoint vc="1" uspid="43" ordinal="18" sl="43" sc="1" el="43" ec="2" bec="0" bev="0" fileid="29" />
                <SequencePoint vc="2" uspid="45" ordinal="19" sl="45" sc="1" el="45" ec="2" bec="2" bev="1" fileid="29" />
                <SequencePoint vc="0" uspid="46" ordinal="20" sl="46" sc="1" el="46" ec="2" bec="0" bev="0" fileid="29" />
                <SequencePoint vc="0" uspid="48" ordinal="21" sl="48" sc="1" el="48" ec="2" bec="0" bev="0" fileid="29" />
                <SequencePoint vc="2" uspid="49" ordinal="22" sl="49" sc="1" el="49" ec="2" bec="0" bev="0" fileid="29" />
              </SequencePoints>
              <BranchPoints>
                <BranchPoint vc="1" uspid="21" ordinal="0" path="0" offset="12" offsetend="14" sl="21" fileid="29" />
                <BranchPoint vc="1" uspid="21" ordinal="1" path="1" offset="12" offsetend="21" sl="21" fileid="29" />
                <BranchPoint vc="1" uspid="29" ordinal="17" path="1" offset="289" offsetend="90" sl="29" fileid="29" />
                <BranchPoint vc="3" uspid="31" ordinal="13" path="1" offset="247" offsetend="117" sl="31" fileid="29" />
                <BranchPoint vc="3" uspid="33" ordinal="3" path="1" offset="145" offsetend="149" sl="33" fileid="29" />
                <BranchPoint vc="1" uspid="36" ordinal="5" path="1" offset="183" offsetend="187" sl="36" fileid="29" />
                <BranchPoint vc="1" uspid="39" ordinal="6" path="0" offset="199" offsetend="201" sl="39" fileid="29" />
                <BranchPoint vc="0" uspid="39" ordinal="8" path="0" offset="202" offsetend="204" sl="39" fileid="29" />
                <BranchPoint vc="1" uspid="39" ordinal="9" path="1" offset="202" offsetend="224" sl="39" fileid="29" />
                <BranchPoint vc="0" uspid="39" ordinal="7" path="1" offset="199" offsetend="227" sl="39" fileid="29" />
                <BranchPoint vc="1" uspid="39" ordinal="10" path="0" offset="232" offsetend="234" sl="39" fileid="29" />
                <BranchPoint vc="1" uspid="39" ordinal="11" path="1" offset="232" offsetend="239" sl="39" fileid="29" />
                <BranchPoint vc="4" uspid="33" ordinal="2" path="0" offset="145" offsetend="240" sl="33" fileid="29" />
                <BranchPoint vc="4" uspid="36" ordinal="4" path="0" offset="183" offsetend="240" sl="36" fileid="29" />
                <BranchPoint vc="1" uspid="31" ordinal="12" path="0" offset="247" offsetend="252" sl="31" fileid="29" />
                <BranchPoint vc="1" uspid="45" ordinal="14" path="0" offset="275" offsetend="277" sl="45" fileid="29" />
                <BranchPoint vc="0" uspid="45" ordinal="15" path="1" offset="275" offsetend="281" sl="45" fileid="29" />
                <BranchPoint vc="0" uspid="29" ordinal="16" path="0" offset="289" offsetend="294" sl="29" fileid="29" />
              </BranchPoints>
              <MethodPoint vc="21" uspid="0" p8:type="SequencePoint" ordinal="1" offset="1" sc="0" sl="20" ec="1" el="49" bec="0" bev="0" fileid="29" xmlns:p8="xsi" />
            </Method>
            <Method cyclomaticComplexity="14" nPathComplexity="14" sequenceCoverage="100" branchCoverage="85.71" isConstructor="False" isGetter="False" isSetter="False" isStatic="True">
              <Summary numSequencePoints="22" visitedSequencePoints="22" numBranchPoints="14" visitedBranchPoints="12" sequenceCoverage="100" branchCoverage="85.71" maxCyclomaticComplexity="14" minCyclomaticComplexity="14" visitedClasses="0" numClasses="0" visitedMethods="1" numMethods="1" />
              <MetadataToken />
              <Name>System.Collections.Generic.List`1&lt;System.String&gt; Index5.Infrastructure.Cotacoes.CotahistParser::GetAllAvailableTickers(System.String)</Name>
              <FileRef uid="29" />
              <SequencePoints>
                <SequencePoint vc="1" uspid="52" ordinal="0" sl="52" sc="1" el="52" ec="2" bec="0" bev="0" fileid="29" />
                <SequencePoint vc="1" uspid="53" ordinal="1" sl="53" sc="1" el="53" ec="2" bec="2" bev="1" fileid="29" />
                <SequencePoint vc="1" uspid="55" ordinal="2" sl="55" sc="1" el="55" ec="2" bec="0" bev="0" fileid="29" />
                <SequencePoint vc="1" uspid="56" ordinal="3" sl="56" sc="1" el="56" ec="2" bec="0" bev="0" fileid="29" />
                <SequencePoint vc="1" uspid="57" ordinal="4" sl="57" sc="1" el="57" ec="2" bec="0" bev="0" fileid="29" />
                <SequencePoint vc="1" uspid="59" ordinal="5" sl="59" sc="1" el="59" ec="2" bec="2" bev="1" fileid="29" />
                <SequencePoint vc="1" uspid="61" ordinal="6" sl="61" sc="1" el="61" ec="2" bec="0" bev="0" fileid="29" />
                <SequencePoint vc="9" uspid="62" ordinal="7" sl="62" sc="1" el="62" ec="2" bec="2" bev="2" fileid="29" />
                <SequencePoint vc="3" uspid="63" ordinal="8" sl="63" sc="1" el="63" ec="2" bec="0" bev="0" fileid="29" />
                <SequencePoint vc="3" uspid="64" ordinal="9" sl="64" sc="1" el="64" ec="2" bec="2" bev="2" fileid="29" />
                <SequencePoint vc="3" uspid="66" ordinal="10" sl="66" sc="1" el="66" ec="2" bec="0" bev="0" fileid="29" />
                <SequencePoint vc="5" uspid="67" ordinal="11" sl="67" sc="1" el="67" ec="2" bec="2" bev="2" fileid="29" />
                <SequencePoint vc="1" uspid="69" ordinal="12" sl="69" sc="1" el="69" ec="2" bec="0" bev="0" fileid="29" />
                <SequencePoint vc="1" uspid="71" ordinal="13" sl="71" sc="1" el="71" ec="2" bec="2" bev="2" fileid="29" />
                <SequencePoint vc="1" uspid="73" ordinal="14" sl="73" sc="1" el="73" ec="2" bec="0" bev="0" fileid="29" />
                <SequencePoint vc="1" uspid="74" ordinal="15" sl="74" sc="1" el="74" ec="2" bec="2" bev="2" fileid="29" />
                <SequencePoint vc="1" uspid="75" ordinal="16" sl="75" sc="1" el="75" ec="2" bec="0" bev="0" fileid="29" />
                <SequencePoint vc="1" uspid="76" ordinal="17" sl="76" sc="1" el="76" ec="2" bec="0" bev="0" fileid="29" />
                <SequencePoint vc="1" uspid="77" ordinal="18" sl="77" sc="1" el="77" ec="2" bec="0" bev="0" fileid="29" />
                <SequencePoint vc="1" uspid="78" ordinal="19" sl="78" sc="1" el="78" ec="2" bec="0" bev="0" fileid="29" />
                <SequencePoint vc="1" uspid="80" ordinal="20" sl="80" sc="1" el="80" ec="2" bec="0" bev="0" fileid="29" />
                <SequencePoint vc="1" uspid="81" ordinal="21" sl="81" sc="1" el="81" ec="2" bec="0" bev="0" fileid="29" />
              </SequencePoints>
              <BranchPoints>
                <BranchPoint vc="0" uspid="53" ordinal="0" path="0" offset="12" offsetend="14" sl="53" fileid="29" />
                <BranchPoint vc="1" uspid="53" ordinal="1" path="1" offset="12" offsetend="25" sl="53" fileid="29" />
                <BranchPoint vc="0" uspid="59" ordinal="2" path="0" offset="86" offsetend="88" sl="59" fileid="29" />
                <BranchPoint vc="1" uspid="59" ordinal="3" path="1" offset="86" offsetend="99" sl="59" fileid="29" />
                <BranchPoint vc="3" uspid="62" ordinal="13" path="1" offset="272" offsetend="124" sl="62" fileid="29" />
                <BranchPoint vc="3" uspid="64" ordinal="5" path="1" offset="152" offsetend="156" sl="64" fileid="29" />
                <BranchPoint vc="1" uspid="67" ordinal="7" path="1" offset="183" offsetend="187" sl="67" fileid="29" />
                <BranchPoint vc="1" uspid="71" ordinal="9" path="1" offset="215" offsetend="219" sl="71" fileid="29" />
                <BranchPoint vc="1" uspid="74" ordinal="10" path="0" offset="251" offsetend="253" sl="74" fileid="29" />
                <BranchPoint vc="1" uspid="74" ordinal="11" path="1" offset="251" offsetend="264" sl="74" fileid="29" />
                <BranchPoint vc="4" uspid="64" ordinal="4" path="0" offset="152" offsetend="265" sl="64" fileid="29" />
                <BranchPoint vc="4" uspid="67" ordinal="6" path="0" offset="183" offsetend="265" sl="67" fileid="29" />
                <BranchPoint vc="4" uspid="71" ordinal="8" path="0" offset="215" offsetend="265" sl="71" fileid="29" />
                <BranchPoint vc="1" uspid="62" ordinal="12" path="0" offset="272" offsetend="277" sl="62" fileid="29" />
              </BranchPoints>
              <MethodPoint vc="22" uspid="0" p8:type="SequencePoint" ordinal="2" offset="2" sc="0" sl="52" ec="1" el="81" bec="0" bev="0" fileid="29" xmlns:p8="xsi" />
            </Method>
            <Method cyclomaticComplexity="8" nPathComplexity="8" sequenceCoverage="100" branchCoverage="62.5" isConstructor="False" isGetter="False" isSetter="False" isStatic="True">
              <Summary numSequencePoints="24" visitedSequencePoints="24" numBranchPoints="8" visitedBranchPoints="5" sequenceCoverage="100" branchCoverage="62.5" maxCyclomaticComplexity="8" minCyclomaticComplexity="8" visitedClasses="0" numClasses="0" visitedMethods="1" numMethods="1" />
              <MetadataToken />
              <Name>Index5.Domain.Entities.CotacaoB3 Index5.Infrastructure.Cotacoes.CotahistParser::ParseLine(System.String)</Name>
              <FileRef uid="29" />
              <SequencePoints>
                <SequencePoint vc="4" uspid="84" ordinal="0" sl="84" sc="1" el="84" ec="2" bec="0" bev="0" fileid="29" />
                <SequencePoint vc="4" uspid="85" ordinal="1" sl="85" sc="1" el="85" ec="2" bec="2" bev="1" fileid="29" />
                <SequencePoint vc="4" uspid="87" ordinal="2" sl="87" sc="1" el="87" ec="2" bec="0" bev="0" fileid="29" />
                <SequencePoint vc="6" uspid="88" ordinal="3" sl="88" sc="1" el="88" ec="2" bec="2" bev="2" fileid="29" />
                <SequencePoint vc="2" uspid="90" ordinal="4" sl="90" sc="1" el="90" ec="2" bec="0" bev="0" fileid="29" />
                <SequencePoint vc="2" uspid="92" ordinal="5" sl="92" sc="1" el="92" ec="2" bec="4" bev="2" fileid="29" />
                <SequencePoint vc="2" uspid="94" ordinal="6" sl="94" sc="1" el="94" ec="2" bec="0" bev="0" fileid="29" />
                <SequencePoint vc="2" uspid="95" ordinal="7" sl="95" sc="1" el="95" ec="2" bec="0" bev="0" fileid="29" />
                <SequencePoint vc="2" uspid="96" ordinal="8" sl="96" sc="1" el="96" ec="2" bec="0" bev="0" fileid="29" />
                <SequencePoint vc="2" uspid="97" ordinal="9" sl="97" sc="1" el="97" ec="2" bec="0" bev="0" fileid="29" />
                <SequencePoint vc="2" uspid="98" ordinal="10" sl="98" sc="1" el="98" ec="2" bec="0" bev="0" fileid="29" />
                <SequencePoint vc="2" uspid="99" ordinal="11" sl="99" sc="1" el="99" ec="2" bec="0" bev="0" fileid="29" />
                <SequencePoint vc="2" uspid="100" ordinal="12" sl="100" sc="1" el="100" ec="2" bec="0" bev="0" fileid="29" />
                <SequencePoint vc="2" uspid="101" ordinal="13" sl="101" sc="1" el="101" ec="2" bec="0" bev="0" fileid="29" />
                <SequencePoint vc="2" uspid="102" ordinal="14" sl="102" sc="1" el="102" ec="2" bec="0" bev="0" fileid="29" />
                <SequencePoint vc="2" uspid="103" ordinal="15" sl="103" sc="1" el="103" ec="2" bec="0" bev="0" fileid="29" />
                <SequencePoint vc="2" uspid="104" ordinal="16" sl="104" sc="1" el="104" ec="2" bec="0" bev="0" fileid="29" />
                <SequencePoint vc="2" uspid="105" ordinal="17" sl="105" sc="1" el="105" ec="2" bec="0" bev="0" fileid="29" />
                <SequencePoint vc="2" uspid="106" ordinal="18" sl="106" sc="1" el="106" ec="2" bec="0" bev="0" fileid="29" />
                <SequencePoint vc="2" uspid="107" ordinal="19" sl="107" sc="1" el="107" ec="2" bec="0" bev="0" fileid="29" />
                <SequencePoint vc="2" uspid="108" ordinal="20" sl="108" sc="1" el="108" ec="2" bec="0" bev="0" fileid="29" />
                <SequencePoint vc="2" uspid="109" ordinal="21" sl="109" sc="1" el="109" ec="2" bec="0" bev="0" fileid="29" />
                <SequencePoint vc="2" uspid="110" ordinal="22" sl="110" sc="1" el="110" ec="2" bec="0" bev="0" fileid="29" />
                <SequencePoint vc="4" uspid="111" ordinal="23" sl="111" sc="1" el="111" ec="2" bec="0" bev="0" fileid="29" />
              </SequencePoints>
              <BranchPoints>
                <BranchPoint vc="0" uspid="85" ordinal="0" path="0" offset="16" offsetend="18" sl="85" fileid="29" />
                <BranchPoint vc="4" uspid="85" ordinal="1" path="1" offset="16" offsetend="25" sl="85" fileid="29" />
                <BranchPoint vc="2" uspid="88" ordinal="2" path="0" offset="49" offsetend="51" sl="88" fileid="29" />
                <BranchPoint vc="2" uspid="88" ordinal="3" path="1" offset="49" offsetend="58" sl="88" fileid="29" />
                <BranchPoint vc="0" uspid="92" ordinal="4" path="0" offset="81" offsetend="83" sl="92" fileid="29" />
                <BranchPoint vc="2" uspid="92" ordinal="5" path="1" offset="81" offsetend="93" sl="92" fileid="29" />
                <BranchPoint vc="0" uspid="92" ordinal="6" path="0" offset="98" offsetend="100" sl="92" fileid="29" />
                <BranchPoint vc="2" uspid="92" ordinal="7" path="1" offset="98" offsetend="107" sl="92" fileid="29" />
              </BranchPoints>
              <MethodPoint vc="24" uspid="0" p8:type="SequencePoint" ordinal="3" offset="3" sc="0" sl="84" ec="1" el="111" bec="0" bev="0" fileid="29" xmlns:p8="xsi" />
            </Method>
            <Method cyclomaticComplexity="2" nPathComplexity="2" sequenceCoverage="80" branchCoverage="50" isConstructor="False" isGetter="False" isSetter="False" isStatic="True">
              <Summary numSequencePoints="5" visitedSequencePoints="4" numBranchPoints="2" visitedBranchPoints="1" sequenceCoverage="80" branchCoverage="50" maxCyclomaticComplexity="2" minCyclomaticComplexity="2" visitedClasses="0" numClasses="0" visitedMethods="1" numMethods="1" />
              <MetadataToken />
              <Name>System.Decimal Index5.Infrastructure.Cotacoes.CotahistParser::ParsePrice(System.String)</Name>
              <FileRef uid="29" />
              <SequencePoints>
                <SequencePoint vc="12" uspid="114" ordinal="0" sl="114" sc="1" el="114" ec="2" bec="0" bev="0" fileid="29" />
                <SequencePoint vc="12" uspid="115" ordinal="1" sl="115" sc="1" el="115" ec="2" bec="2" bev="1" fileid="29" />
                <SequencePoint vc="12" uspid="116" ordinal="2" sl="116" sc="1" el="116" ec="2" bec="0" bev="0" fileid="29" />
                <SequencePoint vc="0" uspid="117" ordinal="3" sl="117" sc="1" el="117" ec="2" bec="0" bev="0" fileid="29" />
                <SequencePoint vc="12" uspid="118" ordinal="4" sl="118" sc="1" el="118" ec="2" bec="0" bev="0" fileid="29" />
              </SequencePoints>
              <BranchPoints>
                <BranchPoint vc="12" uspid="115" ordinal="0" path="0" offset="16" offsetend="18" sl="115" fileid="29" />
                <BranchPoint vc="0" uspid="115" ordinal="1" path="1" offset="16" offsetend="39" sl="115" fileid="29" />
              </BranchPoints>
              <MethodPoint vc="4" uspid="0" p8:type="SequencePoint" ordinal="4" offset="4" sc="0" sl="114" ec="1" el="118" bec="0" bev="0" fileid="29" xmlns:p8="xsi" />
            </Method>
          </Methods>
        </Class>
      </Classes>
    </Module>
  </Modules>
</CoverageSession>