<?xml version="1.0" encoding="utf-8"?>
<coverage line-rate="0.7132999999999999" branch-rate="0.7977" version="1.9" timestamp="1772234882" lines-covered="831" lines-valid="1165" branches-covered="142" branches-valid="178">
  <sources>
    <source>C:\Users\jcalbuquerque\Desktop\it-test\index5\Index5\</source>
  </sources>
  <packages>
    <package name="Index5.Application" line-rate="0.8823000000000001" branch-rate="0.7916" complexity="309">
      <classes>
        <class name="Index5.Application.Services.CestaService" filename="Index5.Application\Services\CestaService.cs" line-rate="1" branch-rate="0.25" complexity="4">
          <methods>
            <method name="&lt;CadastrarAsync&gt;b__6_2" signature="(System.String)" line-rate="1" branch-rate="0" complexity="2">
              <lines>
                <line number="79" hits="1" branch="True" condition-coverage="0% (0/2)">
                  <conditions>
                    <condition number="19" type="jump" coverage="0%" />
                  </conditions>
                </line>
              </lines>
            </method>
            <method name=".ctor" signature="(Index5.Domain.Interfaces.ICestaRepository,Index5.Domain.Interfaces.IUnitOfWork,Index5.Application.Services.RebalanceamentoService,Index5.Domain.Interfaces.ICotahistParser,Microsoft.Extensions.Configuration.IConfiguration)" line-rate="1" branch-rate="0.5" complexity="2">
              <lines>
                <line number="16" hits="7" branch="False" />
                <line number="17" hits="7" branch="False" />
                <line number="18" hits="7" branch="False" />
                <line number="19" hits="7" branch="False" />
                <line number="20" hits="7" branch="False" />
                <line number="21" hits="7" branch="False" />
                <line number="22" hits="7" branch="False" />
                <line number="23" hits="7" branch="False" />
                <line number="24" hits="7" branch="False" />
                <line number="25" hits="7" branch="False" />
                <line number="26" hits="7" branch="False" />
                <line number="27" hits="7" branch="True" condition-coverage="50% (1/2)">
                  <conditions>
                    <condition number="51" type="jump" coverage="50%" />
                  </conditions>
                </line>
                <line number="28" hits="7" branch="False" />
              </lines>
            </method>
          </methods>
          <lines>
            <line number="79" hits="1" branch="True" condition-coverage="0% (0/2)">
              <conditions>
                <condition number="19" type="jump" coverage="0%" />
              </conditions>
            </line>
            <line number="16" hits="7" branch="False" />
            <line number="17" hits="7" branch="False" />
            <line number="18" hits="7" branch="False" />
            <line number="19" hits="7" branch="False" />
            <line number="20" hits="7" branch="False" />
            <line number="21" hits="7" branch="False" />
            <line number="22" hits="7" branch="False" />
            <line number="23" hits="7" branch="False" />
            <line number="24" hits="7" branch="False" />
            <line number="25" hits="7" branch="False" />
            <line number="26" hits="7" branch="False" />
            <line number="27" hits="7" branch="True" condition-coverage="50% (1/2)">
              <conditions>
                <condition number="51" type="jump" coverage="50%" />
              </conditions>
            </line>
            <line number="28" hits="7" branch="False" />
          </lines>
        </class>
        <class name="Index5.Application.Services.CestaService/&lt;&gt;c" filename="Index5.Application\Services\CestaService.cs" line-rate="0.8275" branch-rate="1" complexity="5">
          <methods>
            <method name="&lt;CadastrarAsync&gt;b__6_0" signature="(Index5.Application.DTOs.ItemCestaDto)" line-rate="1" branch-rate="1" complexity="1">
              <lines>
                <line number="35" hits="18" branch="False" />
              </lines>
            </method>
            <method name="&lt;CadastrarAsync&gt;b__6_1" signature="(Index5.Application.DTOs.ItemCestaDto)" line-rate="1" branch-rate="1" complexity="1">
              <lines>
                <line number="57" hits="12" branch="False" />
                <line number="58" hits="12" branch="False" />
                <line number="59" hits="12" branch="False" />
                <line number="60" hits="12" branch="False" />
                <line number="61" hits="12" branch="False" />
              </lines>
            </method>
            <method name="&lt;CadastrarAsync&gt;b__6_3" signature="(Index5.Domain.Entities.ItemCesta)" line-rate="1" branch-rate="1" complexity="1">
              <lines>
                <line number="90" hits="10" branch="False" />
                <line number="91" hits="10" branch="False" />
                <line number="92" hits="10" branch="False" />
                <line number="93" hits="10" branch="False" />
                <line number="94" hits="10" branch="False" />
              </lines>
            </method>
            <method name="&lt;GetActiveAsync&gt;b__7_0" signature="(Index5.Domain.Entities.ItemCesta)" line-rate="1" branch-rate="1" complexity="1">
              <lines>
                <line number="116" hits="5" branch="False" />
                <line number="117" hits="5" branch="False" />
                <line number="118" hits="5" branch="False" />
                <line number="119" hits="5" branch="False" />
                <line number="120" hits="5" branch="False" />
              </lines>
            </method>
            <method name="&lt;GetHistoricoAsync&gt;b__8_0" signature="(Index5.Domain.Entities.CestaRecomendacao)" line-rate="0.6153" branch-rate="1" complexity="1">
              <lines>
                <line number="130" hits="2" branch="False" />
                <line number="131" hits="2" branch="False" />
                <line number="132" hits="2" branch="False" />
                <line number="133" hits="2" branch="False" />
                <line number="134" hits="2" branch="False" />
                <line number="135" hits="2" branch="False" />
                <line number="136" hits="2" branch="False" />
                <line number="137" hits="0" branch="False" />
                <line number="138" hits="0" branch="False" />
                <line number="139" hits="0" branch="False" />
                <line number="140" hits="0" branch="False" />
                <line number="141" hits="0" branch="False" />
                <line number="142" hits="2" branch="False" />
              </lines>
            </method>
          </methods>
          <lines>
            <line number="35" hits="18" branch="False" />
            <line number="57" hits="12" branch="False" />
            <line number="58" hits="12" branch="False" />
            <line number="59" hits="12" branch="False" />
            <line number="60" hits="12" branch="False" />
            <line number="61" hits="12" branch="False" />
            <line number="90" hits="10" branch="False" />
            <line number="91" hits="10" branch="False" />
            <line number="92" hits="10" branch="False" />
            <line number="93" hits="10" branch="False" />
            <line number="94" hits="10" branch="False" />
            <line number="116" hits="5" branch="False" />
            <line number="117" hits="5" branch="False" />
            <line number="118" hits="5" branch="False" />
            <line number="119" hits="5" branch="False" />
            <line number="120" hits="5" branch="False" />
            <line number="130" hits="2" branch="False" />
            <line number="131" hits="2" branch="False" />
            <line number="132" hits="2" branch="False" />
            <line number="133" hits="2" branch="False" />
            <line number="134" hits="2" branch="False" />
            <line number="135" hits="2" branch="False" />
            <line number="136" hits="2" branch="False" />
            <line number="137" hits="0" branch="False" />
            <line number="138" hits="0" branch="False" />
            <line number="139" hits="0" branch="False" />
            <line number="140" hits="0" branch="False" />
            <line number="141" hits="0" branch="False" />
            <line number="142" hits="2" branch="False" />
          </lines>
        </class>
        <class name="Index5.Application.Services.CestaService/&lt;CadastrarAsync&gt;d__6" filename="Index5.Application\Services\CestaService.cs" line-rate="1" branch-rate="1" complexity="14">
          <methods>
            <method name="MoveNext" signature="()" line-rate="1" branch-rate="1" complexity="14">
              <lines>
                <line number="31" hits="4" branch="False" />
                <line number="32" hits="4" branch="True" condition-coverage="100% (2/2)">
                  <conditions>
                    <condition number="76" type="jump" coverage="100%" />
                  </conditions>
                </line>
                <line number="33" hits="1" branch="False" />
                <line number="36" hits="3" branch="True" condition-coverage="100% (2/2)">
                  <conditions>
                    <condition number="162" type="jump" coverage="100%" />
                  </conditions>
                </line>
                <line number="37" hits="1" branch="False" />
                <line number="39" hits="2" branch="False" />
                <line number="40" hits="2" branch="False" />
                <line number="41" hits="2" branch="False" />
                <line number="43" hits="2" branch="True" condition-coverage="100% (2/2)">
                  <conditions>
                    <condition number="336" type="jump" coverage="100%" />
                  </conditions>
                </line>
                <line number="44" hits="1" branch="False" />
                <line number="45" hits="1" branch="False" />
                <line number="46" hits="1" branch="False" />
                <line number="47" hits="1" branch="False" />
                <line number="48" hits="1" branch="False" />
                <line number="49" hits="1" branch="False" />
                <line number="50" hits="1" branch="False" />
                <line number="52" hits="1" branch="False" />
                <line number="53" hits="1" branch="False" />
                <line number="54" hits="1" branch="False" />
                <line number="55" hits="1" branch="False" />
                <line number="63" hits="2" branch="False" />
                <line number="64" hits="2" branch="False" />
                <line number="65" hits="2" branch="False" />
                <line number="66" hits="2" branch="False" />
                <line number="67" hits="2" branch="False" />
                <line number="68" hits="2" branch="False" />
                <line number="69" hits="2" branch="False" />
                <line number="71" hits="2" branch="False" />
                <line number="74" hits="2" branch="True" condition-coverage="100% (2/2)">
                  <conditions>
                    <condition number="712" type="jump" coverage="100%" />
                  </conditions>
                </line>
                <line number="75" hits="1" branch="False" />
                <line number="76" hits="1" branch="False" />
                <line number="77" hits="1" branch="False" />
                <line number="78" hits="1" branch="False" />
                <line number="80" hits="1" branch="False" />
                <line number="82" hits="2" branch="False" />
                <line number="84" hits="2" branch="True" condition-coverage="100% (6/6)">
                  <conditions>
                    <condition number="1155" type="jump" coverage="100%" />
                    <condition number="1180" type="jump" coverage="100%" />
                    <condition number="1204" type="jump" coverage="100%" />
                  </conditions>
                </line>
                <line number="85" hits="2" branch="False" />
                <line number="86" hits="2" branch="False" />
                <line number="87" hits="2" branch="False" />
                <line number="88" hits="2" branch="False" />
                <line number="89" hits="2" branch="False" />
                <line number="95" hits="2" branch="False" />
                <line number="96" hits="2" branch="False" />
                <line number="97" hits="2" branch="False" />
                <line number="98" hits="2" branch="False" />
                <line number="99" hits="2" branch="False" />
                <line number="100" hits="2" branch="False" />
                <line number="101" hits="2" branch="False" />
                <line number="102" hits="2" branch="False" />
                <line number="103" hits="2" branch="False" />
              </lines>
            </method>
          </methods>
          <lines>
            <line number="31" hits="4" branch="False" />
            <line number="32" hits="4" branch="True" condition-coverage="100% (2/2)">
              <conditions>
                <condition number="76" type="jump" coverage="100%" />
              </conditions>
            </line>
            <line number="33" hits="1" branch="False" />
            <line number="36" hits="3" branch="True" condition-coverage="100% (2/2)">
              <conditions>
                <condition number="162" type="jump" coverage="100%" />
              </conditions>
            </line>
            <line number="37" hits="1" branch="False" />
            <line number="39" hits="2" branch="False" />
            <line number="40" hits="2" branch="False" />
            <line number="41" hits="2" branch="False" />
            <line number="43" hits="2" branch="True" condition-coverage="100% (2/2)">
              <conditions>
                <condition number="336" type="jump" coverage="100%" />
              </conditions>
            </line>
            <line number="44" hits="1" branch="False" />
            <line number="45" hits="1" branch="False" />
            <line number="46" hits="1" branch="False" />
            <line number="47" hits="1" branch="False" />
            <line number="48" hits="1" branch="False" />
            <line number="49" hits="1" branch="False" />
            <line number="50" hits="1" branch="False" />
            <line number="52" hits="1" branch="False" />
            <line number="53" hits="1" branch="False" />
            <line number="54" hits="1" branch="False" />
            <line number="55" hits="1" branch="False" />
            <line number="63" hits="2" branch="False" />
            <line number="64" hits="2" branch="False" />
            <line number="65" hits="2" branch="False" />
            <line number="66" hits="2" branch="False" />
            <line number="67" hits="2" branch="False" />
            <line number="68" hits="2" branch="False" />
            <line number="69" hits="2" branch="False" />
            <line number="71" hits="2" branch="False" />
            <line number="74" hits="2" branch="True" condition-coverage="100% (2/2)">
              <conditions>
                <condition number="712" type="jump" coverage="100%" />
              </conditions>
            </line>
            <line number="75" hits="1" branch="False" />
            <line number="76" hits="1" branch="False" />
            <line number="77" hits="1" branch="False" />
            <line number="78" hits="1" branch="False" />
            <line number="80" hits="1" branch="False" />
            <line number="82" hits="2" branch="False" />
            <line number="84" hits="2" branch="True" condition-coverage="100% (6/6)">
              <conditions>
                <condition number="1155" type="jump" coverage="100%" />
                <condition number="1180" type="jump" coverage="100%" />
                <condition number="1204" type="jump" coverage="100%" />
              </conditions>
            </line>
            <line number="85" hits="2" branch="False" />
            <line number="86" hits="2" branch="False" />
            <line number="87" hits="2" branch="False" />
            <line number="88" hits="2" branch="False" />
            <line number="89" hits="2" branch="False" />
            <line number="95" hits="2" branch="False" />
            <line number="96" hits="2" branch="False" />
            <line number="97" hits="2" branch="False" />
            <line number="98" hits="2" branch="False" />
            <line number="99" hits="2" branch="False" />
            <line number="100" hits="2" branch="False" />
            <line number="101" hits="2" branch="False" />
            <line number="102" hits="2" branch="False" />
            <line number="103" hits="2" branch="False" />
          </lines>
        </class>
        <class name="Index5.Application.Services.CestaService/&lt;GetActiveAsync&gt;d__7" filename="Index5.Application\Services\CestaService.cs" line-rate="1" branch-rate="1" complexity="2">
          <methods>
            <method name="MoveNext" signature="()" line-rate="1" branch-rate="1" complexity="2">
              <lines>
                <line number="106" hits="2" branch="False" />
                <line number="107" hits="2" branch="False" />
                <line number="108" hits="3" branch="True" condition-coverage="100% (2/2)">
                  <conditions>
                    <condition number="158" type="jump" coverage="100%" />
                  </conditions>
                </line>
                <line number="110" hits="1" branch="False" />
                <line number="111" hits="1" branch="False" />
                <line number="112" hits="1" branch="False" />
                <line number="113" hits="1" branch="False" />
                <line number="114" hits="1" branch="False" />
                <line number="115" hits="1" branch="False" />
                <line number="121" hits="1" branch="False" />
                <line number="122" hits="2" branch="False" />
              </lines>
            </method>
          </methods>
          <lines>
            <line number="106" hits="2" branch="False" />
            <line number="107" hits="2" branch="False" />
            <line number="108" hits="3" branch="True" condition-coverage="100% (2/2)">
              <conditions>
                <condition number="158" type="jump" coverage="100%" />
              </conditions>
            </line>
            <line number="110" hits="1" branch="False" />
            <line number="111" hits="1" branch="False" />
            <line number="112" hits="1" branch="False" />
            <line number="113" hits="1" branch="False" />
            <line number="114" hits="1" branch="False" />
            <line number="115" hits="1" branch="False" />
            <line number="121" hits="1" branch="False" />
            <line number="122" hits="2" branch="False" />
          </lines>
        </class>
        <class name="Index5.Application.Services.CestaService/&lt;GetHistoricoAsync&gt;d__8" filename="Index5.Application\Services\CestaService.cs" line-rate="1" branch-rate="1" complexity="1">
          <methods>
            <method name="MoveNext" signature="()" line-rate="1" branch-rate="1" complexity="1">
              <lines>
                <line number="125" hits="1" branch="False" />
                <line number="126" hits="1" branch="False" />
                <line number="128" hits="1" branch="False" />
                <line number="129" hits="1" branch="False" />
                <line number="143" hits="1" branch="False" />
                <line number="144" hits="1" branch="False" />
              </lines>
            </method>
          </methods>
          <lines>
            <line number="125" hits="1" branch="False" />
            <line number="126" hits="1" branch="False" />
            <line number="128" hits="1" branch="False" />
            <line number="129" hits="1" branch="False" />
            <line number="143" hits="1" branch="False" />
            <line number="144" hits="1" branch="False" />
          </lines>
        </class>
        <class name="Index5.Application.Services.ClienteService" filename="Index5.Application\Services\ClienteService.cs" line-rate="1" branch-rate="1" complexity="1">
          <methods>
            <method name=".ctor" signature="(Index5.Domain.Interfaces.IClienteRepository,Index5.Domain.Interfaces.ICustodiaRepository,Index5.Domain.Interfaces.IUnitOfWork)" line-rate="1" branch-rate="1" complexity="1">
              <lines>
                <line number="13" hits="15" branch="False" />
                <line number="14" hits="15" branch="False" />
                <line number="15" hits="15" branch="False" />
                <line number="16" hits="15" branch="False" />
                <line number="17" hits="15" branch="False" />
                <line number="18" hits="15" branch="False" />
              </lines>
            </method>
          </methods>
          <lines>
            <line number="13" hits="15" branch="False" />
            <line number="14" hits="15" branch="False" />
            <line number="15" hits="15" branch="False" />
            <line number="16" hits="15" branch="False" />
            <line number="17" hits="15" branch="False" />
            <line number="18" hits="15" branch="False" />
          </lines>
        </class>
        <class name="Index5.Application.Services.ClienteService/&lt;&gt;c" filename="Index5.Application\Services\ClienteService.cs" line-rate="1" branch-rate="1" complexity="12">
          <methods>
            <method name="&lt;ConsultarCarteiraAsync&gt;b__7_1" signature="(Index5.Application.DTOs.AtivoCarteiraDto)" line-rate="1" branch-rate="1" complexity="1">
              <lines>
                <line number="142" hits="6" branch="False" />
              </lines>
            </method>
            <method name="&lt;ConsultarCarteiraAsync&gt;b__7_2" signature="(Index5.Domain.Entities.CustodiaFilhote)" line-rate="1" branch-rate="1" complexity="1">
              <lines>
                <line number="143" hits="6" branch="False" />
              </lines>
            </method>
            <method name="&lt;GetRentabilidadeAsync&gt;b__8_0" signature="(Index5.Domain.Entities.OperacaoHistorico)" line-rate="1" branch-rate="1" complexity="1">
              <lines>
                <line number="184" hits="1" branch="False" />
              </lines>
            </method>
            <method name="&lt;GetRentabilidadeAsync&gt;b__8_1" signature="(Index5.Domain.Entities.OperacaoHistorico)" line-rate="1" branch-rate="1" complexity="1">
              <lines>
                <line number="185" hits="1" branch="False" />
              </lines>
            </method>
            <method name="&lt;GetRentabilidadeAsync&gt;b__8_2" signature="(System.Linq.IGrouping`2&lt;System.DateTime,Index5.Domain.Entities.OperacaoHistorico&gt;)" line-rate="1" branch-rate="1" complexity="1">
              <lines>
                <line number="186" hits="1" branch="False" />
              </lines>
            </method>
            <method name="&lt;GetRentabilidadeAsync&gt;b__8_3" signature="(System.Linq.IGrouping`2&lt;System.DateTime,Index5.Domain.Entities.OperacaoHistorico&gt;)" line-rate="1" branch-rate="1" complexity="1">
              <lines>
                <line number="187" hits="2" branch="False" />
                <line number="188" hits="2" branch="False" />
                <line number="189" hits="2" branch="False" />
                <line number="190" hits="1" branch="False" />
                <line number="191" hits="2" branch="False" />
                <line number="192" hits="2" branch="False" />
              </lines>
            </method>
            <method name="&lt;GetRentabilidadeAsync&gt;b__8_4" signature="(Index5.Domain.Entities.OperacaoHistorico)" line-rate="1" branch-rate="1" complexity="1">
              <lines>
                <line number="196" hits="1" branch="False" />
              </lines>
            </method>
            <method name="&lt;GetRentabilidadeAsync&gt;b__8_5" signature="(System.Linq.IGrouping`2&lt;System.DateTime,Index5.Domain.Entities.OperacaoHistorico&gt;)" line-rate="1" branch-rate="1" complexity="1">
              <lines>
                <line number="197" hits="1" branch="False" />
              </lines>
            </method>
            <method name="&lt;GetRentabilidadeAsync&gt;b__8_9" signature="(Index5.Domain.Entities.OperacaoHistorico)" line-rate="1" branch-rate="1" complexity="1">
              <lines>
                <line number="203" hits="1" branch="False" />
              </lines>
            </method>
            <method name="&lt;GetRentabilidadeAsync&gt;b__8_10" signature="(Index5.Domain.Entities.OperacaoHistorico)" line-rate="1" branch-rate="1" complexity="1">
              <lines>
                <line number="204" hits="1" branch="False" />
              </lines>
            </method>
            <method name="&lt;GetRentabilidadeAsync&gt;b__8_11" signature="(Index5.Domain.Entities.OperacaoHistorico)" line-rate="1" branch-rate="1" complexity="1">
              <lines>
                <line number="206" hits="1" branch="False" />
              </lines>
            </method>
            <method name="&lt;GetRentabilidadeAsync&gt;b__8_12" signature="(Index5.Domain.Entities.OperacaoHistorico)" line-rate="1" branch-rate="1" complexity="1">
              <lines>
                <line number="207" hits="1" branch="False" />
              </lines>
            </method>
          </methods>
          <lines>
            <line number="142" hits="6" branch="False" />
            <line number="143" hits="6" branch="False" />
            <line number="184" hits="1" branch="False" />
            <line number="185" hits="1" branch="False" />
            <line number="186" hits="1" branch="False" />
            <line number="187" hits="2" branch="False" />
            <line number="188" hits="2" branch="False" />
            <line number="189" hits="2" branch="False" />
            <line number="190" hits="1" branch="False" />
            <line number="191" hits="2" branch="False" />
            <line number="192" hits="2" branch="False" />
            <line number="196" hits="1" branch="False" />
            <line number="197" hits="1" branch="False" />
            <line number="203" hits="1" branch="False" />
            <line number="204" hits="1" branch="False" />
            <line number="206" hits="1" branch="False" />
            <line number="207" hits="1" branch="False" />
          </lines>
        </class>
        <class name="Index5.Application.Services.ClienteService/&lt;&gt;c__DisplayClass7_0" filename="Index5.Application\Services\ClienteService.cs" line-rate="1" branch-rate="0.5" complexity="2">
          <methods>
            <method name="&lt;ConsultarCarteiraAsync&gt;b__0" signature="(Index5.Domain.Entities.CustodiaFilhote)" line-rate="1" branch-rate="0.5" complexity="2">
              <lines>
                <line number="124" hits="3" branch="False" />
                <line number="125" hits="3" branch="False" />
                <line number="126" hits="3" branch="False" />
                <line number="127" hits="3" branch="False" />
                <line number="128" hits="3" branch="True" condition-coverage="50% (1/2)">
                  <conditions>
                    <condition number="82" type="jump" coverage="50%" />
                  </conditions>
                </line>
                <line number="130" hits="3" branch="False" />
                <line number="131" hits="3" branch="False" />
                <line number="132" hits="3" branch="False" />
                <line number="133" hits="3" branch="False" />
                <line number="134" hits="3" branch="False" />
                <line number="135" hits="3" branch="False" />
                <line number="136" hits="3" branch="False" />
                <line number="137" hits="3" branch="False" />
                <line number="138" hits="3" branch="False" />
                <line number="139" hits="3" branch="False" />
                <line number="140" hits="6" branch="False" />
              </lines>
            </method>
          </methods>
          <lines>
            <line number="124" hits="3" branch="False" />
            <line number="125" hits="3" branch="False" />
            <line number="126" hits="3" branch="False" />
            <line number="127" hits="3" branch="False" />
            <line number="128" hits="3" branch="True" condition-coverage="50% (1/2)">
              <conditions>
                <condition number="82" type="jump" coverage="50%" />
              </conditions>
            </line>
            <line number="130" hits="3" branch="False" />
            <line number="131" hits="3" branch="False" />
            <line number="132" hits="3" branch="False" />
            <line number="133" hits="3" branch="False" />
            <line number="134" hits="3" branch="False" />
            <line number="135" hits="3" branch="False" />
            <line number="136" hits="3" branch="False" />
            <line number="137" hits="3" branch="False" />
            <line number="138" hits="3" branch="False" />
            <line number="139" hits="3" branch="False" />
            <line number="140" hits="6" branch="False" />
          </lines>
        </class>
        <class name="Index5.Application.Services.ClienteService/&lt;&gt;c__DisplayClass8_0" filename="Index5.Application\Services\ClienteService.cs" line-rate="1" branch-rate="1" complexity="1">
          <methods>
            <method name="&lt;GetRentabilidadeAsync&gt;b__6" signature="(System.Linq.IGrouping`2&lt;System.DateTime,Index5.Domain.Entities.OperacaoHistorico&gt;)" line-rate="1" branch-rate="1" complexity="1">
              <lines>
                <line number="198" hits="1" branch="False" />
                <line number="199" hits="1" branch="False" />
                <line number="200" hits="2" branch="False" />
                <line number="202" hits="1" branch="False" />
                <line number="205" hits="1" branch="False" />
                <line number="211" hits="1" branch="False" />
                <line number="212" hits="1" branch="False" />
                <line number="213" hits="1" branch="False" />
                <line number="214" hits="1" branch="False" />
                <line number="215" hits="1" branch="False" />
                <line number="216" hits="1" branch="False" />
                <line number="217" hits="1" branch="False" />
                <line number="218" hits="2" branch="False" />
              </lines>
            </method>
          </methods>
          <lines>
            <line number="198" hits="1" branch="False" />
            <line number="199" hits="1" branch="False" />
            <line number="200" hits="2" branch="False" />
            <line number="202" hits="1" branch="False" />
            <line number="205" hits="1" branch="False" />
            <line number="211" hits="1" branch="False" />
            <line number="212" hits="1" branch="False" />
            <line number="213" hits="1" branch="False" />
            <line number="214" hits="1" branch="False" />
            <line number="215" hits="1" branch="False" />
            <line number="216" hits="1" branch="False" />
            <line number="217" hits="1" branch="False" />
            <line number="218" hits="2" branch="False" />
          </lines>
        </class>
        <class name="Index5.Application.Services.ClienteService/&lt;AderirAsync&gt;d__4" filename="Index5.Application\Services\ClienteService.cs" line-rate="1" branch-rate="1" complexity="4">
          <methods>
            <method name="MoveNext" signature="()" line-rate="1" branch-rate="1" complexity="4">
              <lines>
                <line number="21" hits="6" branch="False" />
                <line number="22" hits="6" branch="False" />
                <line number="23" hits="6" branch="True" condition-coverage="100% (2/2)">
                  <conditions>
                    <condition number="194" type="jump" coverage="100%" />
                  </conditions>
                </line>
                <line number="24" hits="1" branch="False" />
                <line number="26" hits="5" branch="True" condition-coverage="100% (2/2)">
                  <conditions>
                    <condition number="234" type="jump" coverage="100%" />
                  </conditions>
                </line>
                <line number="27" hits="3" branch="False" />
                <line number="29" hits="2" branch="False" />
                <line number="30" hits="2" branch="False" />
                <line number="31" hits="2" branch="False" />
                <line number="32" hits="2" branch="False" />
                <line number="33" hits="2" branch="False" />
                <line number="34" hits="2" branch="False" />
                <line number="35" hits="2" branch="False" />
                <line number="36" hits="2" branch="False" />
                <line number="37" hits="2" branch="False" />
                <line number="38" hits="2" branch="False" />
                <line number="39" hits="2" branch="False" />
                <line number="40" hits="2" branch="False" />
                <line number="41" hits="2" branch="False" />
                <line number="42" hits="2" branch="False" />
                <line number="43" hits="2" branch="False" />
                <line number="45" hits="2" branch="False" />
                <line number="46" hits="2" branch="False" />
                <line number="48" hits="2" branch="False" />
                <line number="49" hits="2" branch="False" />
                <line number="50" hits="2" branch="False" />
                <line number="51" hits="2" branch="False" />
                <line number="52" hits="2" branch="False" />
                <line number="53" hits="2" branch="False" />
                <line number="54" hits="2" branch="False" />
                <line number="55" hits="2" branch="False" />
                <line number="56" hits="2" branch="False" />
                <line number="57" hits="2" branch="False" />
                <line number="58" hits="2" branch="False" />
                <line number="59" hits="2" branch="False" />
                <line number="60" hits="2" branch="False" />
                <line number="61" hits="2" branch="False" />
                <line number="62" hits="2" branch="False" />
                <line number="63" hits="2" branch="False" />
                <line number="64" hits="2" branch="False" />
                <line number="65" hits="2" branch="False" />
              </lines>
            </method>
          </methods>
          <lines>
            <line number="21" hits="6" branch="False" />
            <line number="22" hits="6" branch="False" />
            <line number="23" hits="6" branch="True" condition-coverage="100% (2/2)">
              <conditions>
                <condition number="194" type="jump" coverage="100%" />
              </conditions>
            </line>
            <line number="24" hits="1" branch="False" />
            <line number="26" hits="5" branch="True" condition-coverage="100% (2/2)">
              <conditions>
                <condition number="234" type="jump" coverage="100%" />
              </conditions>
            </line>
            <line number="27" hits="3" branch="False" />
            <line number="29" hits="2" branch="False" />
            <line number="30" hits="2" branch="False" />
            <line number="31" hits="2" branch="False" />
            <line number="32" hits="2" branch="False" />
            <line number="33" hits="2" branch="False" />
            <line number="34" hits="2" branch="False" />
            <line number="35" hits="2" branch="False" />
            <line number="36" hits="2" branch="False" />
            <line number="37" hits="2" branch="False" />
            <line number="38" hits="2" branch="False" />
            <line number="39" hits="2" branch="False" />
            <line number="40" hits="2" branch="False" />
            <line number="41" hits="2" branch="False" />
            <line number="42" hits="2" branch="False" />
            <line number="43" hits="2" branch="False" />
            <line number="45" hits="2" branch="False" />
            <line number="46" hits="2" branch="False" />
            <line number="48" hits="2" branch="False" />
            <line number="49" hits="2" branch="False" />
            <line number="50" hits="2" branch="False" />
            <line number="51" hits="2" branch="False" />
            <line number="52" hits="2" branch="False" />
            <line number="53" hits="2" branch="False" />
            <line number="54" hits="2" branch="False" />
            <line number="55" hits="2" branch="False" />
            <line number="56" hits="2" branch="False" />
            <line number="57" hits="2" branch="False" />
            <line number="58" hits="2" branch="False" />
            <line number="59" hits="2" branch="False" />
            <line number="60" hits="2" branch="False" />
            <line number="61" hits="2" branch="False" />
            <line number="62" hits="2" branch="False" />
            <line number="63" hits="2" branch="False" />
            <line number="64" hits="2" branch="False" />
            <line number="65" hits="2" branch="False" />
          </lines>
        </class>
        <class name="Index5.Application.Services.ClienteService/&lt;AlterarValorMensalAsync&gt;d__6" filename="Index5.Application\Services\ClienteService.cs" line-rate="1" branch-rate="1" complexity="4">
          <methods>
            <method name="MoveNext" signature="()" line-rate="1" branch-rate="1" complexity="4">
              <lines>
                <line number="92" hits="3" branch="False" />
                <line number="93" hits="3" branch="False" />
                <line number="94" hits="3" branch="True" condition-coverage="100% (2/2)">
                  <conditions>
                    <condition number="175" type="jump" coverage="100%" />
                  </conditions>
                </line>
                <line number="95" hits="1" branch="False" />
                <line number="97" hits="2" branch="True" condition-coverage="100% (2/2)">
                  <conditions>
                    <condition number="215" type="jump" coverage="100%" />
                  </conditions>
                </line>
                <line number="98" hits="1" branch="False" />
                <line number="100" hits="1" branch="False" />
                <line number="101" hits="1" branch="False" />
                <line number="102" hits="1" branch="False" />
                <line number="103" hits="1" branch="False" />
                <line number="105" hits="1" branch="False" />
                <line number="106" hits="1" branch="False" />
                <line number="107" hits="1" branch="False" />
                <line number="108" hits="1" branch="False" />
                <line number="109" hits="1" branch="False" />
                <line number="110" hits="1" branch="False" />
                <line number="111" hits="1" branch="False" />
                <line number="112" hits="1" branch="False" />
                <line number="113" hits="1" branch="False" />
              </lines>
            </method>
          </methods>
          <lines>
            <line number="92" hits="3" branch="False" />
            <line number="93" hits="3" branch="False" />
            <line number="94" hits="3" branch="True" condition-coverage="100% (2/2)">
              <conditions>
                <condition number="175" type="jump" coverage="100%" />
              </conditions>
            </line>
            <line number="95" hits="1" branch="False" />
            <line number="97" hits="2" branch="True" condition-coverage="100% (2/2)">
              <conditions>
                <condition number="215" type="jump" coverage="100%" />
              </conditions>
            </line>
            <line number="98" hits="1" branch="False" />
            <line number="100" hits="1" branch="False" />
            <line number="101" hits="1" branch="False" />
            <line number="102" hits="1" branch="False" />
            <line number="103" hits="1" branch="False" />
            <line number="105" hits="1" branch="False" />
            <line number="106" hits="1" branch="False" />
            <line number="107" hits="1" branch="False" />
            <line number="108" hits="1" branch="False" />
            <line number="109" hits="1" branch="False" />
            <line number="110" hits="1" branch="False" />
            <line number="111" hits="1" branch="False" />
            <line number="112" hits="1" branch="False" />
            <line number="113" hits="1" branch="False" />
          </lines>
        </class>
        <class name="Index5.Application.Services.ClienteService/&lt;ConsultarCarteiraAsync&gt;d__7" filename="Index5.Application\Services\ClienteService.cs" line-rate="0.9677" branch-rate="0.6111" complexity="18">
          <methods>
            <method name="MoveNext" signature="()" line-rate="0.9677" branch-rate="0.6111" complexity="18">
              <lines>
                <line number="116" hits="3" branch="False" />
                <line number="117" hits="3" branch="False" />
                <line number="118" hits="3" branch="True" condition-coverage="50% (1/2)">
                  <conditions>
                    <condition number="192" type="jump" coverage="50%" />
                  </conditions>
                </line>
                <line number="119" hits="0" branch="False" />
                <line number="121" hits="3" branch="True" condition-coverage="50% (3/6)">
                  <conditions>
                    <condition number="218" type="jump" coverage="50%" />
                    <condition number="230" type="jump" coverage="50%" />
                    <condition number="242" type="jump" coverage="50%" />
                  </conditions>
                </line>
                <line number="123" hits="3" branch="False" />
                <line number="129" hits="3" branch="False" />
                <line number="144" hits="3" branch="False" />
                <line number="145" hits="3" branch="True" condition-coverage="100% (2/2)">
                  <conditions>
                    <condition number="430" type="jump" coverage="100%" />
                  </conditions>
                </line>
                <line number="147" hits="15" branch="True" condition-coverage="100% (2/2)">
                  <conditions>
                    <condition number="607" type="jump" coverage="100%" />
                  </conditions>
                </line>
                <line number="148" hits="3" branch="False" />
                <line number="149" hits="3" branch="True" condition-coverage="50% (1/2)">
                  <conditions>
                    <condition number="533" type="jump" coverage="50%" />
                  </conditions>
                </line>
                <line number="150" hits="3" branch="False" />
                <line number="151" hits="3" branch="False" />
                <line number="152" hits="3" branch="False" />
                <line number="154" hits="3" branch="True" condition-coverage="50% (2/4)">
                  <conditions>
                    <condition number="700" type="jump" coverage="50%" />
                    <condition number="712" type="jump" coverage="50%" />
                  </conditions>
                </line>
                <line number="155" hits="3" branch="False" />
                <line number="156" hits="3" branch="False" />
                <line number="157" hits="3" branch="False" />
                <line number="158" hits="3" branch="False" />
                <line number="159" hits="3" branch="False" />
                <line number="160" hits="3" branch="False" />
                <line number="161" hits="3" branch="False" />
                <line number="162" hits="3" branch="False" />
                <line number="163" hits="3" branch="False" />
                <line number="164" hits="3" branch="False" />
                <line number="165" hits="3" branch="False" />
                <line number="166" hits="3" branch="False" />
                <line number="167" hits="3" branch="False" />
                <line number="168" hits="3" branch="False" />
                <line number="169" hits="3" branch="False" />
              </lines>
            </method>
          </methods>
          <lines>
            <line number="116" hits="3" branch="False" />
            <line number="117" hits="3" branch="False" />
            <line number="118" hits="3" branch="True" condition-coverage="50% (1/2)">
              <conditions>
                <condition number="192" type="jump" coverage="50%" />
              </conditions>
            </line>
            <line number="119" hits="0" branch="False" />
            <line number="121" hits="3" branch="True" condition-coverage="50% (3/6)">
              <conditions>
                <condition number="218" type="jump" coverage="50%" />
                <condition number="230" type="jump" coverage="50%" />
                <condition number="242" type="jump" coverage="50%" />
              </conditions>
            </line>
            <line number="123" hits="3" branch="False" />
            <line number="129" hits="3" branch="False" />
            <line number="144" hits="3" branch="False" />
            <line number="145" hits="3" branch="True" condition-coverage="100% (2/2)">
              <conditions>
                <condition number="430" type="jump" coverage="100%" />
              </conditions>
            </line>
            <line number="147" hits="15" branch="True" condition-coverage="100% (2/2)">
              <conditions>
                <condition number="607" type="jump" coverage="100%" />
              </conditions>
            </line>
            <line number="148" hits="3" branch="False" />
            <line number="149" hits="3" branch="True" condition-coverage="50% (1/2)">
              <conditions>
                <condition number="533" type="jump" coverage="50%" />
              </conditions>
            </line>
            <line number="150" hits="3" branch="False" />
            <line number="151" hits="3" branch="False" />
            <line number="152" hits="3" branch="False" />
            <line number="154" hits="3" branch="True" condition-coverage="50% (2/4)">
              <conditions>
                <condition number="700" type="jump" coverage="50%" />
                <condition number="712" type="jump" coverage="50%" />
              </conditions>
            </line>
            <line number="155" hits="3" branch="False" />
            <line number="156" hits="3" branch="False" />
            <line number="157" hits="3" branch="False" />
            <line number="158" hits="3" branch="False" />
            <line number="159" hits="3" branch="False" />
            <line number="160" hits="3" branch="False" />
            <line number="161" hits="3" branch="False" />
            <line number="162" hits="3" branch="False" />
            <line number="163" hits="3" branch="False" />
            <line number="164" hits="3" branch="False" />
            <line number="165" hits="3" branch="False" />
            <line number="166" hits="3" branch="False" />
            <line number="167" hits="3" branch="False" />
            <line number="168" hits="3" branch="False" />
            <line number="169" hits="3" branch="False" />
          </lines>
        </class>
        <class name="Index5.Application.Services.ClienteService/&lt;GetRentabilidadeAsync&gt;d__8" filename="Index5.Application\Services\ClienteService.cs" line-rate="0.9545" branch-rate="0.5" complexity="2">
          <methods>
            <method name="MoveNext" signature="()" line-rate="0.9545" branch-rate="0.5" complexity="2">
              <lines>
                <line number="172" hits="1" branch="False" />
                <line number="173" hits="1" branch="False" />
                <line number="174" hits="1" branch="True" condition-coverage="50% (1/2)">
                  <conditions>
                    <condition number="200" type="jump" coverage="50%" />
                  </conditions>
                </line>
                <line number="175" hits="0" branch="False" />
                <line number="177" hits="1" branch="False" />
                <line number="180" hits="1" branch="False" />
                <line number="183" hits="1" branch="False" />
                <line number="195" hits="1" branch="False" />
                <line number="201" hits="1" branch="False" />
                <line number="208" hits="1" branch="False" />
                <line number="209" hits="1" branch="False" />
                <line number="210" hits="1" branch="False" />
                <line number="220" hits="1" branch="False" />
                <line number="221" hits="1" branch="False" />
                <line number="222" hits="1" branch="False" />
                <line number="223" hits="1" branch="False" />
                <line number="224" hits="1" branch="False" />
                <line number="225" hits="1" branch="False" />
                <line number="226" hits="1" branch="False" />
                <line number="227" hits="1" branch="False" />
                <line number="228" hits="1" branch="False" />
                <line number="229" hits="1" branch="False" />
              </lines>
            </method>
          </methods>
          <lines>
            <line number="172" hits="1" branch="False" />
            <line number="173" hits="1" branch="False" />
            <line number="174" hits="1" branch="True" condition-coverage="50% (1/2)">
              <conditions>
                <condition number="200" type="jump" coverage="50%" />
              </conditions>
            </line>
            <line number="175" hits="0" branch="False" />
            <line number="177" hits="1" branch="False" />
            <line number="180" hits="1" branch="False" />
            <line number="183" hits="1" branch="False" />
            <line number="195" hits="1" branch="False" />
            <line number="201" hits="1" branch="False" />
            <line number="208" hits="1" branch="False" />
            <line number="209" hits="1" branch="False" />
            <line number="210" hits="1" branch="False" />
            <line number="220" hits="1" branch="False" />
            <line number="221" hits="1" branch="False" />
            <line number="222" hits="1" branch="False" />
            <line number="223" hits="1" branch="False" />
            <line number="224" hits="1" branch="False" />
            <line number="225" hits="1" branch="False" />
            <line number="226" hits="1" branch="False" />
            <line number="227" hits="1" branch="False" />
            <line number="228" hits="1" branch="False" />
            <line number="229" hits="1" branch="False" />
          </lines>
        </class>
        <class name="Index5.Application.Services.ClienteService/&lt;SairAsync&gt;d__5" filename="Index5.Application\Services\ClienteService.cs" line-rate="1" branch-rate="1" complexity="4">
          <methods>
            <method name="MoveNext" signature="()" line-rate="1" branch-rate="1" complexity="4">
              <lines>
                <line number="68" hits="3" branch="False" />
                <line number="69" hits="3" branch="False" />
                <line number="70" hits="3" branch="True" condition-coverage="100% (2/2)">
                  <conditions>
                    <condition number="175" type="jump" coverage="100%" />
                  </conditions>
                </line>
                <line number="71" hits="1" branch="False" />
                <line number="73" hits="2" branch="True" condition-coverage="100% (2/2)">
                  <conditions>
                    <condition number="206" type="jump" coverage="100%" />
                  </conditions>
                </line>
                <line number="74" hits="1" branch="False" />
                <line number="76" hits="1" branch="False" />
                <line number="77" hits="1" branch="False" />
                <line number="78" hits="1" branch="False" />
                <line number="79" hits="1" branch="False" />
                <line number="81" hits="1" branch="False" />
                <line number="82" hits="1" branch="False" />
                <line number="83" hits="1" branch="False" />
                <line number="84" hits="1" branch="False" />
                <line number="85" hits="1" branch="False" />
                <line number="86" hits="1" branch="False" />
                <line number="87" hits="1" branch="False" />
                <line number="88" hits="1" branch="False" />
                <line number="89" hits="1" branch="False" />
              </lines>
            </method>
          </methods>
          <lines>
            <line number="68" hits="3" branch="False" />
            <line number="69" hits="3" branch="False" />
            <line number="70" hits="3" branch="True" condition-coverage="100% (2/2)">
              <conditions>
                <condition number="175" type="jump" coverage="100%" />
              </conditions>
            </line>
            <line number="71" hits="1" branch="False" />
            <line number="73" hits="2" branch="True" condition-coverage="100% (2/2)">
              <conditions>
                <condition number="206" type="jump" coverage="100%" />
              </conditions>
            </line>
            <line number="74" hits="1" branch="False" />
            <line number="76" hits="1" branch="False" />
            <line number="77" hits="1" branch="False" />
            <line number="78" hits="1" branch="False" />
            <line number="79" hits="1" branch="False" />
            <line number="81" hits="1" branch="False" />
            <line number="82" hits="1" branch="False" />
            <line number="83" hits="1" branch="False" />
            <line number="84" hits="1" branch="False" />
            <line number="85" hits="1" branch="False" />
            <line number="86" hits="1" branch="False" />
            <line number="87" hits="1" branch="False" />
            <line number="88" hits="1" branch="False" />
            <line number="89" hits="1" branch="False" />
          </lines>
        </class>
        <class name="Index5.Application.Services.MotorCompraService" filename="Index5.Application\Services\MotorCompraService.cs" line-rate="1" branch-rate="1" complexity="5">
          <methods>
            <method name="CalcularLotesDetalhes" signature="(System.String,System.Int32)" line-rate="1" branch-rate="1" complexity="4">
              <lines>
                <line number="247" hits="30" branch="False" />
                <line number="248" hits="30" branch="False" />
                <line number="250" hits="30" branch="False" />
                <line number="251" hits="30" branch="False" />
                <line number="253" hits="30" branch="True" condition-coverage="100% (2/2)">
                  <conditions>
                    <condition number="23" type="jump" coverage="100%" />
                  </conditions>
                </line>
                <line number="254" hits="1" branch="False" />
                <line number="255" hits="1" branch="False" />
                <line number="256" hits="1" branch="False" />
                <line number="257" hits="1" branch="False" />
                <line number="258" hits="1" branch="False" />
                <line number="259" hits="1" branch="False" />
                <line number="260" hits="1" branch="False" />
                <line number="261" hits="1" branch="False" />
                <line number="263" hits="30" branch="True" condition-coverage="100% (2/2)">
                  <conditions>
                    <condition number="78" type="jump" coverage="100%" />
                  </conditions>
                </line>
                <line number="264" hits="29" branch="False" />
                <line number="265" hits="29" branch="False" />
                <line number="266" hits="29" branch="False" />
                <line number="267" hits="29" branch="False" />
                <line number="268" hits="29" branch="False" />
                <line number="269" hits="29" branch="False" />
                <line number="270" hits="29" branch="False" />
                <line number="271" hits="29" branch="False" />
                <line number="273" hits="30" branch="False" />
                <line number="274" hits="30" branch="False" />
              </lines>
            </method>
            <method name=".ctor" signature="(Index5.Domain.Interfaces.IClienteRepository,Index5.Domain.Interfaces.ICestaRepository,Index5.Domain.Interfaces.ICustodiaRepository,Index5.Domain.Interfaces.IUnitOfWork,Index5.Domain.Interfaces.IKafkaProducer)" line-rate="1" branch-rate="1" complexity="1">
              <lines>
                <line number="15" hits="8" branch="False" />
                <line number="16" hits="8" branch="False" />
                <line number="17" hits="8" branch="False" />
                <line number="18" hits="8" branch="False" />
                <line number="19" hits="8" branch="False" />
                <line number="20" hits="8" branch="False" />
                <line number="21" hits="8" branch="False" />
                <line number="22" hits="8" branch="False" />
                <line number="23" hits="8" branch="False" />
                <line number="24" hits="8" branch="False" />
                <line number="25" hits="8" branch="False" />
                <line number="26" hits="8" branch="False" />
                <line number="27" hits="8" branch="False" />
              </lines>
            </method>
          </methods>
          <lines>
            <line number="247" hits="30" branch="False" />
            <line number="248" hits="30" branch="False" />
            <line number="250" hits="30" branch="False" />
            <line number="251" hits="30" branch="False" />
            <line number="253" hits="30" branch="True" condition-coverage="100% (2/2)">
              <conditions>
                <condition number="23" type="jump" coverage="100%" />
              </conditions>
            </line>
            <line number="254" hits="1" branch="False" />
            <line number="255" hits="1" branch="False" />
            <line number="256" hits="1" branch="False" />
            <line number="257" hits="1" branch="False" />
            <line number="258" hits="1" branch="False" />
            <line number="259" hits="1" branch="False" />
            <line number="260" hits="1" branch="False" />
            <line number="261" hits="1" branch="False" />
            <line number="263" hits="30" branch="True" condition-coverage="100% (2/2)">
              <conditions>
                <condition number="78" type="jump" coverage="100%" />
              </conditions>
            </line>
            <line number="264" hits="29" branch="False" />
            <line number="265" hits="29" branch="False" />
            <line number="266" hits="29" branch="False" />
            <line number="267" hits="29" branch="False" />
            <line number="268" hits="29" branch="False" />
            <line number="269" hits="29" branch="False" />
            <line number="270" hits="29" branch="False" />
            <line number="271" hits="29" branch="False" />
            <line number="273" hits="30" branch="False" />
            <line number="274" hits="30" branch="False" />
            <line number="15" hits="8" branch="False" />
            <line number="16" hits="8" branch="False" />
            <line number="17" hits="8" branch="False" />
            <line number="18" hits="8" branch="False" />
            <line number="19" hits="8" branch="False" />
            <line number="20" hits="8" branch="False" />
            <line number="21" hits="8" branch="False" />
            <line number="22" hits="8" branch="False" />
            <line number="23" hits="8" branch="False" />
            <line number="24" hits="8" branch="False" />
            <line number="25" hits="8" branch="False" />
            <line number="26" hits="8" branch="False" />
            <line number="27" hits="8" branch="False" />
          </lines>
        </class>
        <class name="Index5.Application.Services.MotorCompraService/&lt;&gt;c" filename="Index5.Application\Services\MotorCompraService.cs" line-rate="1" branch-rate="1" complexity="2">
          <methods>
            <method name="&lt;ExecutarCompraAsync&gt;b__6_0" signature="(Index5.Domain.Entities.Cliente)" line-rate="1" branch-rate="1" complexity="1">
              <lines>
                <line number="42" hits="8" branch="False" />
              </lines>
            </method>
            <method name="&lt;ExecutarCompraAsync&gt;b__6_1" signature="(&lt;&gt;f__AnonymousType1`2&lt;Index5.Domain.Entities.Cliente,System.Decimal&gt;)" line-rate="1" branch-rate="1" complexity="1">
              <lines>
                <line number="45" hits="14" branch="False" />
              </lines>
            </method>
          </methods>
          <lines>
            <line number="42" hits="8" branch="False" />
            <line number="45" hits="14" branch="False" />
          </lines>
        </class>
        <class name="Index5.Application.Services.MotorCompraService/&lt;ExecutarCompraAsync&gt;d__6" filename="Index5.Application\Services\MotorCompraService.cs" line-rate="0.8502" branch-rate="0.8" complexity="40">
          <methods>
            <method name="MoveNext" signature="()" line-rate="0.8502" branch-rate="0.8" complexity="40">
              <lines>
                <line number="32" hits="8" branch="False" />
                <line number="33" hits="8" branch="False" />
                <line number="34" hits="8" branch="True" condition-coverage="100% (2/2)">
                  <conditions>
                    <condition number="226" type="jump" coverage="100%" />
                  </conditions>
                </line>
                <line number="35" hits="1" branch="False" />
                <line number="37" hits="7" branch="False" />
                <line number="38" hits="7" branch="True" condition-coverage="100% (2/2)">
                  <conditions>
                    <condition number="390" type="jump" coverage="100%" />
                  </conditions>
                </line>
                <line number="39" hits="1" branch="False" />
                <line number="41" hits="6" branch="False" />
                <line number="43" hits="6" branch="False" />
                <line number="48" hits="6" branch="False" />
                <line number="49" hits="6" branch="False" />
                <line number="51" hits="78" branch="True" condition-coverage="100% (2/2)">
                  <conditions>
                    <condition number="1236" type="jump" coverage="100%" />
                  </conditions>
                </line>
                <line number="52" hits="30" branch="False" />
                <line number="53" hits="30" branch="False" />
                <line number="54" hits="30" branch="False" />
                <line number="55" hits="30" branch="True" condition-coverage="100% (2/2)">
                  <conditions>
                    <condition number="672" type="jump" coverage="100%" />
                  </conditions>
                </line>
                <line number="57" hits="30" branch="False" />
                <line number="60" hits="30" branch="False" />
                <line number="61" hits="30" branch="True" condition-coverage="50% (1/2)">
                  <conditions>
                    <condition number="864" type="jump" coverage="50%" />
                  </conditions>
                </line>
                <line number="63" hits="30" branch="False" />
                <line number="64" hits="30" branch="False" />
                <line number="66" hits="30" branch="False" />
                <line number="68" hits="30" branch="True" condition-coverage="100% (2/2)">
                  <conditions>
                    <condition number="959" type="jump" coverage="100%" />
                  </conditions>
                </line>
                <line number="69" hits="30" branch="False" />
                <line number="70" hits="30" branch="False" />
                <line number="72" hits="30" branch="False" />
                <line number="73" hits="30" branch="False" />
                <line number="74" hits="30" branch="False" />
                <line number="75" hits="30" branch="False" />
                <line number="76" hits="30" branch="False" />
                <line number="77" hits="30" branch="False" />
                <line number="78" hits="30" branch="False" />
                <line number="79" hits="30" branch="False" />
                <line number="80" hits="30" branch="False" />
                <line number="83" hits="30" branch="True" condition-coverage="50% (2/4)">
                  <conditions>
                    <condition number="1117" type="jump" coverage="50%" />
                    <condition number="1135" type="jump" coverage="50%" />
                  </conditions>
                </line>
                <line number="84" hits="0" branch="False" />
                <line number="85" hits="0" branch="False" />
                <line number="86" hits="0" branch="False" />
                <line number="87" hits="0" branch="False" />
                <line number="88" hits="0" branch="False" />
                <line number="89" hits="30" branch="False" />
                <line number="92" hits="6" branch="False" />
                <line number="93" hits="6" branch="False" />
                <line number="94" hits="6" branch="False" />
                <line number="96" hits="78" branch="True" condition-coverage="100% (2/2)">
                  <conditions>
                    <condition number="1401" type="jump" coverage="100%" />
                  </conditions>
                </line>
                <line number="97" hits="30" branch="False" />
                <line number="98" hits="30" branch="False" />
                <line number="99" hits="30" branch="False" />
                <line number="101" hits="34" branch="True" condition-coverage="100% (4/4)">
                  <conditions>
                    <condition number="3135" type="jump" coverage="100%" />
                    <condition number="1463" type="jump" coverage="100%" />
                  </conditions>
                </line>
                <line number="102" hits="8" branch="False" />
                <line number="103" hits="8" branch="False" />
                <line number="104" hits="8" branch="False" />
                <line number="105" hits="8" branch="False" />
                <line number="107" hits="104" branch="True" condition-coverage="100% (2/2)">
                  <conditions>
                    <condition number="2979" type="jump" coverage="100%" />
                  </conditions>
                </line>
                <line number="108" hits="40" branch="False" />
                <line number="109" hits="40" branch="True" condition-coverage="100% (2/2)">
                  <conditions>
                    <condition number="1670" type="jump" coverage="100%" />
                  </conditions>
                </line>
                <line number="111" hits="40" branch="False" />
                <line number="112" hits="40" branch="False" />
                <line number="114" hits="40" branch="True" condition-coverage="100% (2/2)">
                  <conditions>
                    <condition number="1759" type="jump" coverage="100%" />
                  </conditions>
                </line>
                <line number="116" hits="40" branch="False" />
                <line number="118" hits="40" branch="False" />
                <line number="119" hits="40" branch="False" />
                <line number="120" hits="40" branch="False" />
                <line number="121" hits="40" branch="False" />
                <line number="122" hits="40" branch="False" />
                <line number="125" hits="40" branch="True" condition-coverage="50% (1/2)">
                  <conditions>
                    <condition number="1874" type="jump" coverage="50%" />
                  </conditions>
                </line>
                <line number="126" hits="40" branch="False" />
                <line number="127" hits="40" branch="False" />
                <line number="129" hits="40" branch="True" condition-coverage="50% (1/2)">
                  <conditions>
                    <condition number="2081" type="jump" coverage="50%" />
                  </conditions>
                </line>
                <line number="130" hits="0" branch="False" />
                <line number="131" hits="0" branch="False" />
                <line number="132" hits="0" branch="False" />
                <line number="133" hits="0" branch="False" />
                <line number="134" hits="0" branch="False" />
                <line number="135" hits="0" branch="False" />
                <line number="136" hits="0" branch="False" />
                <line number="138" hits="40" branch="False" />
                <line number="139" hits="40" branch="False" />
                <line number="140" hits="40" branch="False" />
                <line number="141" hits="40" branch="False" />
                <line number="142" hits="40" branch="False" />
                <line number="143" hits="40" branch="False" />
                <line number="144" hits="40" branch="False" />
                <line number="145" hits="40" branch="False" />
                <line number="146" hits="40" branch="False" />
                <line number="149" hits="40" branch="False" />
                <line number="150" hits="40" branch="False" />
                <line number="151" hits="40" branch="False" />
                <line number="152" hits="40" branch="False" />
                <line number="153" hits="40" branch="False" />
                <line number="154" hits="40" branch="False" />
                <line number="155" hits="40" branch="False" />
                <line number="156" hits="40" branch="False" />
                <line number="157" hits="40" branch="False" />
                <line number="158" hits="40" branch="False" />
                <line number="159" hits="40" branch="False" />
                <line number="162" hits="40" branch="False" />
                <line number="163" hits="40" branch="False" />
                <line number="166" hits="40" branch="False" />
                <line number="167" hits="40" branch="False" />
                <line number="168" hits="40" branch="False" />
                <line number="169" hits="40" branch="False" />
                <line number="170" hits="40" branch="False" />
                <line number="171" hits="40" branch="False" />
                <line number="172" hits="40" branch="False" />
                <line number="173" hits="40" branch="False" />
                <line number="174" hits="40" branch="False" />
                <line number="175" hits="40" branch="False" />
                <line number="176" hits="40" branch="False" />
                <line number="177" hits="40" branch="False" />
                <line number="178" hits="0" branch="False" />
                <line number="179" hits="0" branch="False" />
                <line number="181" hits="0" branch="False" />
                <line number="182" hits="40" branch="False" />
                <line number="184" hits="8" branch="False" />
                <line number="185" hits="8" branch="False" />
                <line number="186" hits="8" branch="False" />
                <line number="187" hits="8" branch="False" />
                <line number="188" hits="8" branch="False" />
                <line number="189" hits="8" branch="False" />
                <line number="190" hits="8" branch="False" />
                <line number="191" hits="8" branch="False" />
                <line number="194" hits="6" branch="False" />
                <line number="195" hits="78" branch="True" condition-coverage="100% (2/2)">
                  <conditions>
                    <condition number="3951" type="jump" coverage="100%" />
                  </conditions>
                </line>
                <line number="196" hits="30" branch="False" />
                <line number="197" hits="52" branch="True" condition-coverage="100% (2/2)">
                  <conditions>
                    <condition number="3292" type="jump" coverage="100%" />
                  </conditions>
                </line>
                <line number="199" hits="8" branch="False" />
                <line number="200" hits="8" branch="False" />
                <line number="202" hits="8" branch="True" condition-coverage="50% (1/2)">
                  <conditions>
                    <condition number="3474" type="jump" coverage="50%" />
                  </conditions>
                </line>
                <line number="203" hits="0" branch="False" />
                <line number="204" hits="0" branch="False" />
                <line number="205" hits="0" branch="False" />
                <line number="206" hits="0" branch="True" condition-coverage="0% (0/2)">
                  <conditions>
                    <condition number="3534" type="jump" coverage="0%" />
                  </conditions>
                </line>
                <line number="207" hits="0" branch="False" />
                <line number="208" hits="0" branch="False" />
                <line number="209" hits="0" branch="False" />
                <line number="210" hits="0" branch="False" />
                <line number="211" hits="0" branch="False" />
                <line number="212" hits="0" branch="False" />
                <line number="214" hits="8" branch="False" />
                <line number="215" hits="8" branch="False" />
                <line number="216" hits="8" branch="False" />
                <line number="217" hits="8" branch="False" />
                <line number="218" hits="8" branch="False" />
                <line number="219" hits="8" branch="False" />
                <line number="220" hits="8" branch="False" />
                <line number="221" hits="8" branch="False" />
                <line number="222" hits="8" branch="False" />
                <line number="224" hits="8" branch="False" />
                <line number="225" hits="8" branch="False" />
                <line number="226" hits="8" branch="False" />
                <line number="227" hits="8" branch="False" />
                <line number="228" hits="8" branch="False" />
                <line number="229" hits="8" branch="False" />
                <line number="231" hits="6" branch="False" />
                <line number="233" hits="6" branch="False" />
                <line number="234" hits="6" branch="False" />
                <line number="235" hits="6" branch="False" />
                <line number="236" hits="6" branch="False" />
                <line number="237" hits="6" branch="False" />
                <line number="238" hits="6" branch="False" />
                <line number="239" hits="6" branch="False" />
                <line number="240" hits="6" branch="False" />
                <line number="241" hits="6" branch="False" />
                <line number="242" hits="6" branch="False" />
                <line number="243" hits="6" branch="False" />
                <line number="244" hits="6" branch="False" />
              </lines>
            </method>
          </methods>
          <lines>
            <line number="32" hits="8" branch="False" />
            <line number="33" hits="8" branch="False" />
            <line number="34" hits="8" branch="True" condition-coverage="100% (2/2)">
              <conditions>
                <condition number="226" type="jump" coverage="100%" />
              </conditions>
            </line>
            <line number="35" hits="1" branch="False" />
            <line number="37" hits="7" branch="False" />
            <line number="38" hits="7" branch="True" condition-coverage="100% (2/2)">
              <conditions>
                <condition number="390" type="jump" coverage="100%" />
              </conditions>
            </line>
            <line number="39" hits="1" branch="False" />
            <line number="41" hits="6" branch="False" />
            <line number="43" hits="6" branch="False" />
            <line number="48" hits="6" branch="False" />
            <line number="49" hits="6" branch="False" />
            <line number="51" hits="78" branch="True" condition-coverage="100% (2/2)">
              <conditions>
                <condition number="1236" type="jump" coverage="100%" />
              </conditions>
            </line>
            <line number="52" hits="30" branch="False" />
            <line number="53" hits="30" branch="False" />
            <line number="54" hits="30" branch="False" />
            <line number="55" hits="30" branch="True" condition-coverage="100% (2/2)">
              <conditions>
                <condition number="672" type="jump" coverage="100%" />
              </conditions>
            </line>
            <line number="57" hits="30" branch="False" />
            <line number="60" hits="30" branch="False" />
            <line number="61" hits="30" branch="True" condition-coverage="50% (1/2)">
              <conditions>
                <condition number="864" type="jump" coverage="50%" />
              </conditions>
            </line>
            <line number="63" hits="30" branch="False" />
            <line number="64" hits="30" branch="False" />
            <line number="66" hits="30" branch="False" />
            <line number="68" hits="30" branch="True" condition-coverage="100% (2/2)">
              <conditions>
                <condition number="959" type="jump" coverage="100%" />
              </conditions>
            </line>
            <line number="69" hits="30" branch="False" />
            <line number="70" hits="30" branch="False" />
            <line number="72" hits="30" branch="False" />
            <line number="73" hits="30" branch="False" />
            <line number="74" hits="30" branch="False" />
            <line number="75" hits="30" branch="False" />
            <line number="76" hits="30" branch="False" />
            <line number="77" hits="30" branch="False" />
            <line number="78" hits="30" branch="False" />
            <line number="79" hits="30" branch="False" />
            <line number="80" hits="30" branch="False" />
            <line number="83" hits="30" branch="True" condition-coverage="50% (2/4)">
              <conditions>
                <condition number="1117" type="jump" coverage="50%" />
                <condition number="1135" type="jump" coverage="50%" />
              </conditions>
            </line>
            <line number="84" hits="0" branch="False" />
            <line number="85" hits="0" branch="False" />
            <line number="86" hits="0" branch="False" />
            <line number="87" hits="0" branch="False" />
            <line number="88" hits="0" branch="False" />
[...]
              <lines>
                <line number="9" hits="0" branch="False" />
              </lines>
            </method>
          </methods>
          <lines>
            <line number="11" hits="0" branch="False" />
            <line number="12" hits="0" branch="False" />
            <line number="13" hits="0" branch="False" />
            <line number="14" hits="0" branch="False" />
            <line number="15" hits="0" branch="False" />
            <line number="16" hits="0" branch="False" />
            <line number="17" hits="0" branch="False" />
            <line number="18" hits="0" branch="False" />
            <line number="19" hits="0" branch="False" />
            <line number="23" hits="0" branch="False" />
            <line number="24" hits="0" branch="False" />
            <line number="25" hits="0" branch="False" />
            <line number="26" hits="0" branch="False" />
            <line number="27" hits="0" branch="False" />
            <line number="28" hits="0" branch="False" />
            <line number="29" hits="0" branch="False" />
            <line number="30" hits="0" branch="False" />
            <line number="31" hits="0" branch="False" />
            <line number="32" hits="0" branch="False" />
            <line number="33" hits="0" branch="False" />
            <line number="34" hits="0" branch="False" />
            <line number="35" hits="0" branch="False" />
            <line number="36" hits="0" branch="False" />
            <line number="38" hits="0" branch="False" />
            <line number="39" hits="0" branch="False" />
            <line number="40" hits="0" branch="False" />
            <line number="41" hits="0" branch="False" />
            <line number="42" hits="0" branch="False" />
            <line number="43" hits="0" branch="False" />
            <line number="44" hits="0" branch="False" />
            <line number="46" hits="0" branch="False" />
            <line number="47" hits="0" branch="False" />
            <line number="48" hits="0" branch="False" />
            <line number="49" hits="0" branch="False" />
            <line number="50" hits="0" branch="False" />
            <line number="51" hits="0" branch="False" />
            <line number="52" hits="0" branch="False" />
            <line number="53" hits="0" branch="False" />
            <line number="54" hits="0" branch="False" />
            <line number="55" hits="0" branch="False" />
            <line number="57" hits="0" branch="False" />
            <line number="58" hits="0" branch="False" />
            <line number="59" hits="0" branch="False" />
            <line number="60" hits="0" branch="False" />
            <line number="61" hits="0" branch="False" />
            <line number="62" hits="0" branch="False" />
            <line number="63" hits="0" branch="False" />
            <line number="65" hits="0" branch="False" />
            <line number="66" hits="0" branch="False" />
            <line number="67" hits="0" branch="False" />
            <line number="68" hits="0" branch="False" />
            <line number="69" hits="0" branch="False" />
            <line number="70" hits="0" branch="False" />
            <line number="71" hits="0" branch="False" />
            <line number="72" hits="0" branch="False" />
            <line number="73" hits="0" branch="False" />
            <line number="75" hits="0" branch="False" />
            <line number="76" hits="0" branch="False" />
            <line number="77" hits="0" branch="False" />
            <line number="78" hits="0" branch="False" />
            <line number="79" hits="0" branch="False" />
            <line number="80" hits="0" branch="False" />
            <line number="82" hits="0" branch="False" />
            <line number="83" hits="0" branch="False" />
            <line number="84" hits="0" branch="False" />
            <line number="85" hits="0" branch="False" />
            <line number="86" hits="0" branch="False" />
            <line number="87" hits="0" branch="False" />
            <line number="88" hits="0" branch="False" />
            <line number="89" hits="0" branch="False" />
            <line number="90" hits="0" branch="False" />
            <line number="91" hits="0" branch="False" />
            <line number="92" hits="0" branch="False" />
            <line number="94" hits="0" branch="False" />
            <line number="95" hits="0" branch="False" />
            <line number="96" hits="0" branch="False" />
            <line number="97" hits="0" branch="False" />
            <line number="98" hits="0" branch="False" />
            <line number="99" hits="0" branch="False" />
            <line number="100" hits="0" branch="False" />
            <line number="101" hits="0" branch="False" />
            <line number="102" hits="0" branch="False" />
            <line number="104" hits="0" branch="False" />
            <line number="105" hits="0" branch="False" />
            <line number="106" hits="0" branch="False" />
            <line number="107" hits="0" branch="False" />
            <line number="108" hits="0" branch="False" />
            <line number="109" hits="0" branch="False" />
            <line number="110" hits="0" branch="False" />
            <line number="111" hits="0" branch="False" />
            <line number="112" hits="0" branch="False" />
            <line number="113" hits="0" branch="False" />
            <line number="114" hits="0" branch="False" />
            <line number="115" hits="0" branch="False" />
            <line number="116" hits="0" branch="False" />
            <line number="117" hits="0" branch="False" />
            <line number="9" hits="0" branch="False" />
          </lines>
        </class>
        <class name="Index5.Infrastructure.Data.AppDbContext/&lt;SaveChangesAsync&gt;d__19" filename="Index5.Infrastructure\Data\AppDbContext.cs" line-rate="0" branch-rate="1" complexity="1">
          <methods>
            <method name="MoveNext" signature="()" line-rate="0" branch-rate="1" complexity="1">
              <lines>
                <line number="20" hits="0" branch="False" />
              </lines>
            </method>
          </methods>
          <lines>
            <line number="20" hits="0" branch="False" />
          </lines>
        </class>
        <class name="Index5.Infrastructure.Cotacoes.CotahistParser" filename="Index5.Infrastructure\Cotacoes\CotahistParser.cs" line-rate="0.9836" branch-rate="0.875" complexity="32">
          <methods>
            <method name="ParseFile" signature="(System.String)" line-rate="1" branch-rate="1" complexity="4">
              <lines>
                <line number="9" hits="3" branch="False" />
                <line number="10" hits="3" branch="False" />
                <line number="11" hits="29" branch="True" condition-coverage="100% (2/2)">
                  <conditions>
                    <condition number="63" type="jump" coverage="100%" />
                  </conditions>
                </line>
                <line number="12" hits="10" branch="False" />
                <line number="13" hits="10" branch="False" />
                <line number="14" hits="15" branch="True" condition-coverage="100% (2/2)">
                  <conditions>
                    <condition number="46" type="jump" coverage="100%" />
                  </conditions>
                </line>
                <line number="15" hits="10" branch="False" />
                <line number="16" hits="3" branch="False" />
                <line number="17" hits="3" branch="False" />
              </lines>
            </method>
            <method name="GetClosingQuote" signature="(System.String,System.String)" line-rate="1" branch-rate="0.8887999999999999" complexity="18">
              <lines>
                <line number="20" hits="6" branch="False" />
                <line number="21" hits="7" branch="True" condition-coverage="100% (2/2)">
                  <conditions>
                    <condition number="12" type="jump" coverage="100%" />
                  </conditions>
                </line>
                <line number="23" hits="5" branch="False" />
                <line number="24" hits="24" branch="False" />
                <line number="25" hits="5" branch="False" />
                <line number="27" hits="5" branch="False" />
                <line number="29" hits="49" branch="True" condition-coverage="100% (2/2)">
                  <conditions>
                    <condition number="289" type="jump" coverage="100%" />
                  </conditions>
                </line>
                <line number="30" hits="19" branch="False" />
                <line number="31" hits="171" branch="True" condition-coverage="100% (2/2)">
                  <conditions>
                    <condition number="247" type="jump" coverage="100%" />
                  </conditions>
                </line>
                <line number="32" hits="57" branch="False" />
                <line number="33" hits="73" branch="True" condition-coverage="100% (2/2)">
                  <conditions>
                    <condition number="145" type="jump" coverage="100%" />
                  </conditions>
                </line>
                <line number="35" hits="41" branch="False" />
                <line number="36" hits="78" branch="True" condition-coverage="100% (2/2)">
                  <conditions>
                    <condition number="183" type="jump" coverage="100%" />
                  </conditions>
                </line>
                <line number="38" hits="4" branch="False" />
                <line number="39" hits="4" branch="True" condition-coverage="66.66% (4/6)">
                  <conditions>
                    <condition number="199" type="jump" coverage="50%" />
                    <condition number="202" type="jump" coverage="50%" />
                    <condition number="232" type="jump" coverage="100%" />
                  </conditions>
                </line>
                <line number="40" hits="4" branch="False" />
                <line number="41" hits="4" branch="False" />
                <line number="42" hits="4" branch="False" />
                <line number="43" hits="4" branch="False" />
                <line number="45" hits="23" branch="True" condition-coverage="100% (2/2)">
                  <conditions>
                    <condition number="275" type="jump" coverage="100%" />
                  </conditions>
                </line>
                <line number="46" hits="15" branch="False" />
                <line number="48" hits="1" branch="False" />
                <line number="49" hits="6" branch="False" />
              </lines>
            </method>
            <method name="ParseLine" signature="(System.String)" line-rate="1" branch-rate="0.875" complexity="8">
              <lines>
                <line number="52" hits="14" branch="False" />
                <line number="53" hits="18" branch="True" condition-coverage="100% (2/2)">
                  <conditions>
                    <condition number="16" type="jump" coverage="100%" />
                  </conditions>
                </line>
                <line number="55" hits="10" branch="False" />
                <line number="56" hits="10" branch="True" condition-coverage="50% (1/2)">
                  <conditions>
                    <condition number="49" type="jump" coverage="50%" />
                  </conditions>
                </line>
                <line number="58" hits="10" branch="False" />
                <line number="60" hits="11" branch="True" condition-coverage="100% (4/4)">
                  <conditions>
                    <condition number="81" type="jump" coverage="100%" />
                    <condition number="98" type="jump" coverage="100%" />
                  </conditions>
                </line>
                <line number="62" hits="9" branch="False" />
                <line number="63" hits="9" branch="False" />
                <line number="64" hits="9" branch="False" />
                <line number="65" hits="9" branch="False" />
                <line number="66" hits="9" branch="False" />
                <line number="67" hits="9" branch="False" />
                <line number="68" hits="9" branch="False" />
                <line number="69" hits="9" branch="False" />
                <line number="70" hits="9" branch="False" />
                <line number="71" hits="9" branch="False" />
                <line number="72" hits="9" branch="False" />
                <line number="73" hits="9" branch="False" />
                <line number="74" hits="9" branch="False" />
                <line number="75" hits="9" branch="False" />
                <line number="76" hits="9" branch="False" />
                <line number="77" hits="9" branch="False" />
                <line number="78" hits="9" branch="False" />
                <line number="79" hits="14" branch="False" />
              </lines>
            </method>
            <method name="ParsePrice" signature="(System.String)" line-rate="0.8" branch-rate="0.5" complexity="2">
              <lines>
                <line number="82" hits="54" branch="False" />
                <line number="83" hits="54" branch="True" condition-coverage="50% (1/2)">
                  <conditions>
                    <condition number="16" type="jump" coverage="50%" />
                  </conditions>
                </line>
                <line number="84" hits="54" branch="False" />
                <line number="85" hits="0" branch="False" />
                <line number="86" hits="54" branch="False" />
              </lines>
            </method>
          </methods>
          <lines>
            <line number="9" hits="3" branch="False" />
            <line number="10" hits="3" branch="False" />
            <line number="11" hits="29" branch="True" condition-coverage="100% (2/2)">
              <conditions>
                <condition number="63" type="jump" coverage="100%" />
              </conditions>
            </line>
            <line number="12" hits="10" branch="False" />
            <line number="13" hits="10" branch="False" />
            <line number="14" hits="15" branch="True" condition-coverage="100% (2/2)">
              <conditions>
                <condition number="46" type="jump" coverage="100%" />
              </conditions>
            </line>
            <line number="15" hits="10" branch="False" />
            <line number="16" hits="3" branch="False" />
            <line number="17" hits="3" branch="False" />
            <line number="20" hits="6" branch="False" />
            <line number="21" hits="7" branch="True" condition-coverage="100% (2/2)">
              <conditions>
                <condition number="12" type="jump" coverage="100%" />
              </conditions>
            </line>
            <line number="23" hits="5" branch="False" />
            <line number="24" hits="24" branch="False" />
            <line number="25" hits="5" branch="False" />
            <line number="27" hits="5" branch="False" />
            <line number="29" hits="49" branch="True" condition-coverage="100% (2/2)">
              <conditions>
                <condition number="289" type="jump" coverage="100%" />
              </conditions>
            </line>
            <line number="30" hits="19" branch="False" />
            <line number="31" hits="171" branch="True" condition-coverage="100% (2/2)">
              <conditions>
                <condition number="247" type="jump" coverage="100%" />
              </conditions>
            </line>
            <line number="32" hits="57" branch="False" />
            <line number="33" hits="73" branch="True" condition-coverage="100% (2/2)">
              <conditions>
                <condition number="145" type="jump" coverage="100%" />
              </conditions>
            </line>
            <line number="35" hits="41" branch="False" />
            <line number="36" hits="78" branch="True" condition-coverage="100% (2/2)">
              <conditions>
                <condition number="183" type="jump" coverage="100%" />
              </conditions>
            </line>
            <line number="38" hits="4" branch="False" />
            <line number="39" hits="4" branch="True" condition-coverage="66.66% (4/6)">
              <conditions>
                <condition number="199" type="jump" coverage="50%" />
                <condition number="202" type="jump" coverage="50%" />
                <condition number="232" type="jump" coverage="100%" />
              </conditions>
            </line>
            <line number="40" hits="4" branch="False" />
            <line number="41" hits="4" branch="False" />
            <line number="42" hits="4" branch="False" />
            <line number="43" hits="4" branch="False" />
            <line number="45" hits="23" branch="True" condition-coverage="100% (2/2)">
              <conditions>
                <condition number="275" type="jump" coverage="100%" />
              </conditions>
            </line>
            <line number="46" hits="15" branch="False" />
            <line number="48" hits="1" branch="False" />
            <line number="49" hits="6" branch="False" />
            <line number="52" hits="14" branch="False" />
            <line number="53" hits="18" branch="True" condition-coverage="100% (2/2)">
              <conditions>
                <condition number="16" type="jump" coverage="100%" />
              </conditions>
            </line>
            <line number="55" hits="10" branch="False" />
            <line number="56" hits="10" branch="True" condition-coverage="50% (1/2)">
              <conditions>
                <condition number="49" type="jump" coverage="50%" />
              </conditions>
            </line>
            <line number="58" hits="10" branch="False" />
            <line number="60" hits="11" branch="True" condition-coverage="100% (4/4)">
              <conditions>
                <condition number="81" type="jump" coverage="100%" />
                <condition number="98" type="jump" coverage="100%" />
              </conditions>
            </line>
            <line number="62" hits="9" branch="False" />
            <line number="63" hits="9" branch="False" />
            <line number="64" hits="9" branch="False" />
            <line number="65" hits="9" branch="False" />
            <line number="66" hits="9" branch="False" />
            <line number="67" hits="9" branch="False" />
            <line number="68" hits="9" branch="False" />
            <line number="69" hits="9" branch="False" />
            <line number="70" hits="9" branch="False" />
            <line number="71" hits="9" branch="False" />
            <line number="72" hits="9" branch="False" />
            <line number="73" hits="9" branch="False" />
            <line number="74" hits="9" branch="False" />
            <line number="75" hits="9" branch="False" />
            <line number="76" hits="9" branch="False" />
            <line number="77" hits="9" branch="False" />
            <line number="78" hits="9" branch="False" />
            <line number="79" hits="14" branch="False" />
            <line number="82" hits="54" branch="False" />
            <line number="83" hits="54" branch="True" condition-coverage="50% (1/2)">
              <conditions>
                <condition number="16" type="jump" coverage="50%" />
              </conditions>
            </line>
            <line number="84" hits="54" branch="False" />
            <line number="85" hits="0" branch="False" />
            <line number="86" hits="54" branch="False" />
          </lines>
        </class>
      </classes>
    </package>
  </packages>
</coverage>